<?xml version="1.0" encoding="UTF-8"?>
<robot generator="Robot 6.0.1 (Python 3.6.8 on linux)" generated="20221216 14:12:10.491" rpa="false" schemaversion="3">
<suite id="s1" name="Test" source="/home/mpfeifer/Documentos/robot_framework_test/STL/Test.robot">
<test id="s1-t1" name="T-Rex IPv6 Test" line="29">
<kw name="Given the IPv6 packets are created" library="Test_IPv6">
<kw name="Create Ether" library="packet_creator">
<var>${ether}</var>
<arg>${mac_porta_0}</arg>
<arg>${mac_porta_1}</arg>
<msg timestamp="20221216 14:12:11.479" level="WARN">Calling str(pkt) on Python 3 makes no sense!</msg>
<msg timestamp="20221216 14:12:11.479" level="INFO">${ether} = b'\xd0\x00j\x106;\xd0\x00j\x10;\xcc\x90\x00'</msg>
<status status="PASS" starttime="20221216 14:12:11.476" endtime="20221216 14:12:11.479"/>
</kw>
<kw name="Create Ipv6" library="packet_creator">
<var>${ip}</var>
<arg>${ipv6_porta_0}</arg>
<arg>${ipv6_porta_1}</arg>
<msg timestamp="20221216 14:12:11.480" level="WARN">Calling str(pkt) on Python 3 makes no sense!</msg>
<msg timestamp="20221216 14:12:11.481" level="INFO">${ip} = b'`\x00\x00\x00\x00\x00;@\xfe\x80\x00\x00\x00\x00\x00\x00W3\x06!Zm1\x00\xfe\x80\x00\x00\x00\x00\x00\x00\xab\xfe\xa5;\xbfo\x8e\x08'</msg>
<status status="PASS" starttime="20221216 14:12:11.480" endtime="20221216 14:12:11.481"/>
</kw>
<kw name="Create Dummy Bytes" library="packet_creator">
<var>${dummy_bytes}</var>
<arg>${50}</arg>
<msg timestamp="20221216 14:12:11.482" level="WARN">more Calling str(pkt) on Python 3 makes no sense!</msg>
<msg timestamp="20221216 14:12:11.483" level="INFO">${dummy_bytes} = b'cDL6JRbqAAy8sQDo497U2AzgEZl711Bd6Uq9jlEWhjiNGjlRPz'</msg>
<status status="PASS" starttime="20221216 14:12:11.481" endtime="20221216 14:12:11.483"/>
</kw>
<kw name="Create List" library="BuiltIn">
<var>${protocols}</var>
<arg>${ether}</arg>
<arg>${ip}</arg>
<arg>${dummy_bytes}</arg>
<doc>Returns a list containing given items.</doc>
<msg timestamp="20221216 14:12:11.483" level="INFO">${protocols} = [&lt;Ether  dst=d0:00:6a:10:36:3b src=d0:00:6a:10:3b:cc |&gt;, &lt;IPv6  src=fe80::5733:621:5a6d:3100 dst=fe80::abfe:a53b:bf6f:8e08 |&gt;, &lt;Raw  load='cDL6JRbqAAy8sQDo497U2AzgEZl711Bd6Uq9jlEWhjiNGjlRPz' |&gt;]</msg>
<status status="PASS" starttime="20221216 14:12:11.483" endtime="20221216 14:12:11.483"/>
</kw>
<kw name="Assemble Protocols" library="packet_creator">
<var>${packet_0}</var>
<arg>${protocols}</arg>
<msg timestamp="20221216 14:12:11.485" level="INFO">${packet_0} = b'\xd0\x00j\x106;\xd0\x00j\x10;\xcc\x86\xdd`\x00\x00\x00\x002;@\xfe\x80\x00\x00\x00\x00\x00\x00W3\x06!Zm1\x00\xfe\x80\x00\x00\x00\x00\x00\x00\xab\xfe\xa5;\xbfo\x8e\x08cDL6JRbqAAy8sQDo497U2AzgEZl711Bd6...</msg>
<status status="PASS" starttime="20221216 14:12:11.483" endtime="20221216 14:12:11.485"/>
</kw>
<kw name="Set Global Variable" library="BuiltIn">
<arg>${packet_0}</arg>
<doc>Makes a variable available globally in all tests and suites.</doc>
<msg timestamp="20221216 14:12:11.488" level="INFO">${packet_0} = b'\xd0\x00j\x106;\xd0\x00j\x10;\xcc\x86\xdd`\x00\x00\x00\x002;@\xfe\x80\x00\x00\x00\x00\x00\x00W3\x06!Zm1\x00\xfe\x80\x00\x00\x00\x00\x00\x00\xab\xfe\xa5;\xbfo\x8e\x08cDL6JRbqAAy8sQDo497U2AzgEZl711Bd6...</msg>
<status status="PASS" starttime="20221216 14:12:11.485" endtime="20221216 14:12:11.488"/>
</kw>
<kw name="Create Ether" library="packet_creator">
<var>${ether}</var>
<arg>${mac_porta_1}</arg>
<arg>${mac_porta_0}</arg>
<msg timestamp="20221216 14:12:11.489" level="INFO">${ether} = b'\xd0\x00j\x10;\xcc\xd0\x00j\x106;\x90\x00'</msg>
<status status="PASS" starttime="20221216 14:12:11.488" endtime="20221216 14:12:11.489"/>
</kw>
<kw name="Create Ipv6" library="packet_creator">
<var>${ip}</var>
<arg>${ipv6_porta_1}</arg>
<arg>${ipv6_porta_0}</arg>
<msg timestamp="20221216 14:12:11.490" level="INFO">${ip} = b'`\x00\x00\x00\x00\x00;@\xfe\x80\x00\x00\x00\x00\x00\x00\xab\xfe\xa5;\xbfo\x8e\x08\xfe\x80\x00\x00\x00\x00\x00\x00W3\x06!Zm1\x00'</msg>
<status status="PASS" starttime="20221216 14:12:11.489" endtime="20221216 14:12:11.490"/>
</kw>
<kw name="Create Dummy Bytes" library="packet_creator">
<var>${dummy_bytes}</var>
<arg>${50}</arg>
<msg timestamp="20221216 14:12:11.491" level="INFO">${dummy_bytes} = b'W2Bfx3I7GOZLQ5nOgBySpo3ENqivN5AElCWTX8dfoV3WJZSmSU'</msg>
<status status="PASS" starttime="20221216 14:12:11.490" endtime="20221216 14:12:11.492"/>
</kw>
<kw name="Create List" library="BuiltIn">
<var>${protocols}</var>
<arg>${ether}</arg>
<arg>${ip}</arg>
<arg>${dummy_bytes}</arg>
<doc>Returns a list containing given items.</doc>
<msg timestamp="20221216 14:12:11.492" level="INFO">${protocols} = [&lt;Ether  dst=d0:00:6a:10:3b:cc src=d0:00:6a:10:36:3b |&gt;, &lt;IPv6  src=fe80::abfe:a53b:bf6f:8e08 dst=fe80::5733:621:5a6d:3100 |&gt;, &lt;Raw  load='W2Bfx3I7GOZLQ5nOgBySpo3ENqivN5AElCWTX8dfoV3WJZSmSU' |&gt;]</msg>
<status status="PASS" starttime="20221216 14:12:11.492" endtime="20221216 14:12:11.492"/>
</kw>
<kw name="Assemble Protocols" library="packet_creator">
<var>${packet_1}</var>
<arg>${protocols}</arg>
<msg timestamp="20221216 14:12:11.494" level="INFO">${packet_1} = b'\xd0\x00j\x10;\xcc\xd0\x00j\x106;\x86\xdd`\x00\x00\x00\x002;@\xfe\x80\x00\x00\x00\x00\x00\x00\xab\xfe\xa5;\xbfo\x8e\x08\xfe\x80\x00\x00\x00\x00\x00\x00W3\x06!Zm1\x00W2Bfx3I7GOZLQ5nOgBySpo3ENqivN5AEl...</msg>
<status status="PASS" starttime="20221216 14:12:11.492" endtime="20221216 14:12:11.494"/>
</kw>
<kw name="Set Global Variable" library="BuiltIn">
<arg>${packet_1}</arg>
<doc>Makes a variable available globally in all tests and suites.</doc>
<msg timestamp="20221216 14:12:11.495" level="INFO">${packet_1} = b'\xd0\x00j\x10;\xcc\xd0\x00j\x106;\x86\xdd`\x00\x00\x00\x002;@\xfe\x80\x00\x00\x00\x00\x00\x00\xab\xfe\xa5;\xbfo\x8e\x08\xfe\x80\x00\x00\x00\x00\x00\x00W3\x06!Zm1\x00W2Bfx3I7GOZLQ5nOgBySpo3ENqivN5AEl...</msg>
<status status="PASS" starttime="20221216 14:12:11.494" endtime="20221216 14:12:11.496"/>
</kw>
<status status="PASS" starttime="20221216 14:12:11.475" endtime="20221216 14:12:11.496"/>
</kw>
<kw name="And the t-rex basic configuration is done">
<kw name="Init" library="T-Rex_test">
<arg>${packet_0}</arg>
<arg>${packet_1}</arg>
<arg>${velocidade}</arg>
<status status="PASS" starttime="20221216 14:12:11.496" endtime="20221216 14:12:11.673"/>
</kw>
<status status="PASS" starttime="20221216 14:12:11.496" endtime="20221216 14:12:11.673"/>
</kw>
<kw name="When traffic is started through t-rex api">
<kw name="Start Traffic" library="T-Rex_test">
<arg>${duracao}</arg>
<status status="PASS" starttime="20221216 14:12:11.674" endtime="20221216 14:12:21.833"/>
</kw>
<status status="PASS" starttime="20221216 14:12:11.674" endtime="20221216 14:12:21.833"/>
</kw>
<kw name="Then all traffic sent is received without dropped packets">
<kw name="Get Lost Packets" library="T-Rex_test">
<var>${lost_packets}</var>
<msg timestamp="20221216 14:12:21.878" level="INFO">${lost_packets} = 0</msg>
<status status="PASS" starttime="20221216 14:12:21.834" endtime="20221216 14:12:21.878"/>
</kw>
<kw name="Set Variable" library="BuiltIn">
<var>${no_error}</var>
<arg>${True}</arg>
<doc>Returns the given values which can then be assigned to a variables.</doc>
<msg timestamp="20221216 14:12:21.879" level="INFO">${no_error} = True</msg>
<status status="PASS" starttime="20221216 14:12:21.878" endtime="20221216 14:12:21.879"/>
</kw>
<if>
<branch type="IF" condition="${lost_packets} &gt; ${0}">
<kw>
<var>${no_error}=</var>
<var>${False}</var>
<status status="NOT RUN" starttime="20221216 14:12:21.880" endtime="20221216 14:12:21.880"/>
</kw>
<status status="NOT RUN" starttime="20221216 14:12:21.880" endtime="20221216 14:12:21.880"/>
</branch>
<status status="PASS" starttime="20221216 14:12:21.879" endtime="20221216 14:12:21.881"/>
</if>
<kw name="Should Be True" library="BuiltIn">
<arg>${no_error}</arg>
<doc>Fails if the given condition is not true.</doc>
<status status="PASS" starttime="20221216 14:12:21.881" endtime="20221216 14:12:21.881"/>
</kw>
<status status="PASS" starttime="20221216 14:12:21.834" endtime="20221216 14:12:21.881"/>
</kw>
<kw name="And we then disconnect">
<kw name="Disconnect" library="T-Rex_test">
<status status="PASS" starttime="20221216 14:12:21.883" endtime="20221216 14:12:21.886"/>
</kw>
<status status="PASS" starttime="20221216 14:12:21.882" endtime="20221216 14:12:21.886"/>
</kw>
<status status="PASS" starttime="20221216 14:12:11.475" endtime="20221216 14:12:21.887"/>
</test>
<test id="s1-t2" name="T-Rex IGMP Test" line="37">
<kw name="Given the IGMP packets are created" library="Test_IGMP">
<kw name="Create Ether" library="packet_creator">
<var>${ether}</var>
<arg>${mac_porta_0}</arg>
<arg>${mac_porta_1}</arg>
<msg timestamp="20221216 14:12:21.890" level="WARN">Calling str(pkt) on Python 3 makes no sense!</msg>
<msg timestamp="20221216 14:12:21.890" level="INFO">${ether} = b'\xd0\x00j\x106;\xd0\x00j\x10;\xcc\x90\x00'</msg>
<status status="PASS" starttime="20221216 14:12:21.889" endtime="20221216 14:12:21.890"/>
</kw>
<kw name="Create Ipv4" library="packet_creator">
<var>${ip}</var>
<arg>${ip_porta_0}</arg>
<arg>${ip_porta_1}</arg>
<msg timestamp="20221216 14:12:21.892" level="WARN">Calling str(pkt) on Python 3 makes no sense!</msg>
<msg timestamp="20221216 14:12:21.892" level="INFO">${ip} = b'E\x00\x00\x14\x00\x01\x00\x00@\x00\x95\x93\xc0\xa82\x02\xc0\xa82\x03'</msg>
<status status="PASS" starttime="20221216 14:12:21.891" endtime="20221216 14:12:21.893"/>
</kw>
<kw name="Create IGMP" library="packet_creator">
<var>${igmp}</var>
<arg>${0x12}</arg>
<arg>${ip_porta_1}</arg>
<msg timestamp="20221216 14:12:21.895" level="WARN">more Calling str(pkt) on Python 3 makes no sense!</msg>
<msg timestamp="20221216 14:12:21.895" level="INFO">${igmp} = b'\x12\x14\xfb?\xc0\xa82\x03'</msg>
<status status="PASS" starttime="20221216 14:12:21.893" endtime="20221216 14:12:21.895"/>
</kw>
<kw name="Create List" library="BuiltIn">
<var>${protocols}</var>
<arg>${ether}</arg>
<arg>${ip}</arg>
<arg>${igmp}</arg>
<doc>Returns a list containing given items.</doc>
<msg timestamp="20221216 14:12:21.896" level="INFO">${protocols} = [&lt;Ether  dst=d0:00:6a:10:36:3b src=d0:00:6a:10:3b:cc |&gt;, &lt;IP  src=192.168.50.2 dst=192.168.50.3 |&gt;, &lt;IGMP  type=Version 1 - Membership Report gaddr=192.168.50.3 |&gt;]</msg>
<status status="PASS" starttime="20221216 14:12:21.896" endtime="20221216 14:12:21.897"/>
</kw>
<kw name="Assemble Protocols" library="packet_creator">
<var>${packet_0}</var>
<arg>${protocols}</arg>
<msg timestamp="20221216 14:12:21.899" level="INFO">${packet_0} = b'\xd0\x00j\x106;\xd0\x00j\x10;\xcc\x08\x00E\x00\x00\x1c\x00\x01\x00\x00\x01\x02\xd4\x89\xc0\xa82\x02\xc0\xa82\x03\x12\x14\xfb?\xc0\xa82\x03'</msg>
<status status="PASS" starttime="20221216 14:12:21.897" endtime="20221216 14:12:21.899"/>
</kw>
<kw name="Set Global Variable" library="BuiltIn">
<arg>${packet_0}</arg>
<doc>Makes a variable available globally in all tests and suites.</doc>
<msg timestamp="20221216 14:12:21.902" level="INFO">${packet_0} = b'\xd0\x00j\x106;\xd0\x00j\x10;\xcc\x08\x00E\x00\x00\x1c\x00\x01\x00\x00\x01\x02\xd4\x89\xc0\xa82\x02\xc0\xa82\x03\x12\x14\xfb?\xc0\xa82\x03'</msg>
<status status="PASS" starttime="20221216 14:12:21.899" endtime="20221216 14:12:21.902"/>
</kw>
<kw name="Create Ether" library="packet_creator">
<var>${ether}</var>
<arg>${mac_porta_1}</arg>
<arg>${mac_porta_0}</arg>
<msg timestamp="20221216 14:12:21.904" level="INFO">${ether} = b'\xd0\x00j\x10;\xcc\xd0\x00j\x106;\x90\x00'</msg>
<status status="PASS" starttime="20221216 14:12:21.903" endtime="20221216 14:12:21.904"/>
</kw>
<kw name="Create Ipv4" library="packet_creator">
<var>${ip}</var>
<arg>${ip_porta_1}</arg>
<arg>${ip_porta_0}</arg>
<msg timestamp="20221216 14:12:21.905" level="INFO">${ip} = b'E\x00\x00\x14\x00\x01\x00\x00@\x00\x95\x93\xc0\xa82\x03\xc0\xa82\x02'</msg>
<status status="PASS" starttime="20221216 14:12:21.904" endtime="20221216 14:12:21.905"/>
</kw>
<kw name="Create IGMP" library="packet_creator">
<var>${igmp}</var>
<arg>${0x12}</arg>
<arg>${ip_porta_1}</arg>
<msg timestamp="20221216 14:12:21.908" level="INFO">${igmp} = b'\x12\x14\xfb?\xc0\xa82\x03'</msg>
<status status="PASS" starttime="20221216 14:12:21.906" endtime="20221216 14:12:21.908"/>
</kw>
<kw name="Create List" library="BuiltIn">
<var>${protocols}</var>
<arg>${ether}</arg>
<arg>${ip}</arg>
<arg>${igmp}</arg>
<doc>Returns a list containing given items.</doc>
<msg timestamp="20221216 14:12:21.909" level="INFO">${protocols} = [&lt;Ether  dst=d0:00:6a:10:3b:cc src=d0:00:6a:10:36:3b |&gt;, &lt;IP  src=192.168.50.3 dst=192.168.50.2 |&gt;, &lt;IGMP  type=Version 1 - Membership Report gaddr=192.168.50.3 |&gt;]</msg>
<status status="PASS" starttime="20221216 14:12:21.908" endtime="20221216 14:12:21.909"/>
</kw>
<kw name="Assemble Protocols" library="packet_creator">
<var>${packet_1}</var>
<arg>${protocols}</arg>
<msg timestamp="20221216 14:12:21.911" level="INFO">${packet_1} = b'\xd0\x00j\x10;\xcc\xd0\x00j\x106;\x08\x00E\x00\x00\x1c\x00\x01\x00\x00\x01\x02\xd4\x89\xc0\xa82\x03\xc0\xa82\x02\x12\x14\xfb?\xc0\xa82\x03'</msg>
<status status="PASS" starttime="20221216 14:12:21.909" endtime="20221216 14:12:21.911"/>
</kw>
<kw name="Set Global Variable" library="BuiltIn">
<arg>${packet_1}</arg>
<doc>Makes a variable available globally in all tests and suites.</doc>
<msg timestamp="20221216 14:12:21.914" level="INFO">${packet_1} = b'\xd0\x00j\x10;\xcc\xd0\x00j\x106;\x08\x00E\x00\x00\x1c\x00\x01\x00\x00\x01\x02\xd4\x89\xc0\xa82\x03\xc0\xa82\x02\x12\x14\xfb?\xc0\xa82\x03'</msg>
<status status="PASS" starttime="20221216 14:12:21.911" endtime="20221216 14:12:21.914"/>
</kw>
<status status="PASS" starttime="20221216 14:12:21.888" endtime="20221216 14:12:21.914"/>
</kw>
<kw name="And the t-rex basic configuration is done">
<kw name="Init" library="T-Rex_test">
<arg>${packet_0}</arg>
<arg>${packet_1}</arg>
<arg>${velocidade}</arg>
<status status="PASS" starttime="20221216 14:12:21.915" endtime="20221216 14:12:22.075"/>
</kw>
<status status="PASS" starttime="20221216 14:12:21.915" endtime="20221216 14:12:22.075"/>
</kw>
<kw name="When traffic is started through t-rex api">
<kw name="Start Traffic" library="T-Rex_test">
<arg>${duracao}</arg>
<status status="PASS" starttime="20221216 14:12:22.076" endtime="20221216 14:12:32.213"/>
</kw>
<status status="PASS" starttime="20221216 14:12:22.076" endtime="20221216 14:12:32.213"/>
</kw>
<kw name="Then all traffic sent is received without dropped packets">
<kw name="Get Lost Packets" library="T-Rex_test">
<var>${lost_packets}</var>
<msg timestamp="20221216 14:12:32.222" level="INFO">${lost_packets} = 0</msg>
<status status="PASS" starttime="20221216 14:12:32.215" endtime="20221216 14:12:32.222"/>
</kw>
<kw name="Set Variable" library="BuiltIn">
<var>${no_error}</var>
<arg>${True}</arg>
<doc>Returns the given values which can then be assigned to a variables.</doc>
<msg timestamp="20221216 14:12:32.223" level="INFO">${no_error} = True</msg>
<status status="PASS" starttime="20221216 14:12:32.223" endtime="20221216 14:12:32.223"/>
</kw>
<if>
<branch type="IF" condition="${lost_packets} &gt; ${0}">
<kw>
<var>${no_error}=</var>
<var>${False}</var>
<status status="NOT RUN" starttime="20221216 14:12:32.225" endtime="20221216 14:12:32.225"/>
</kw>
<status status="NOT RUN" starttime="20221216 14:12:32.225" endtime="20221216 14:12:32.225"/>
</branch>
<status status="PASS" starttime="20221216 14:12:32.223" endtime="20221216 14:12:32.225"/>
</if>
<kw name="Should Be True" library="BuiltIn">
<arg>${no_error}</arg>
<doc>Fails if the given condition is not true.</doc>
<status status="PASS" starttime="20221216 14:12:32.225" endtime="20221216 14:12:32.226"/>
</kw>
<status status="PASS" starttime="20221216 14:12:32.214" endtime="20221216 14:12:32.226"/>
</kw>
<kw name="And we then disconnect">
<kw name="Disconnect" library="T-Rex_test">
<status status="PASS" starttime="20221216 14:12:32.227" endtime="20221216 14:12:32.231"/>
</kw>
<status status="PASS" starttime="20221216 14:12:32.227" endtime="20221216 14:12:32.232"/>
</kw>
<status status="PASS" starttime="20221216 14:12:21.887" endtime="20221216 14:12:32.232"/>
</test>
<test id="s1-t3" name="T-Rex UDP Test" line="45">
<kw name="Given the UDP packets are created" library="Test_UDP">
<kw name="Create Ether" library="packet_creator">
<var>${ether}</var>
<arg>${mac_porta_0}</arg>
<arg>${mac_porta_1}</arg>
<msg timestamp="20221216 14:12:32.235" level="WARN">Calling str(pkt) on Python 3 makes no sense!</msg>
<msg timestamp="20221216 14:12:32.236" level="INFO">${ether} = b'\xd0\x00j\x106;\xd0\x00j\x10;\xcc\x90\x00'</msg>
<status status="PASS" starttime="20221216 14:12:32.234" endtime="20221216 14:12:32.236"/>
</kw>
<kw name="Create Ipv4" library="packet_creator">
<var>${ip}</var>
<arg>${ip_porta_0}</arg>
<arg>${ip_porta_1}</arg>
<msg timestamp="20221216 14:12:32.237" level="WARN">Calling str(pkt) on Python 3 makes no sense!</msg>
<msg timestamp="20221216 14:12:32.238" level="INFO">${ip} = b'E\x00\x00\x14\x00\x01\x00\x00@\x00\x95\x93\xc0\xa82\x02\xc0\xa82\x03'</msg>
<status status="PASS" starttime="20221216 14:12:32.236" endtime="20221216 14:12:32.238"/>
</kw>
<kw name="Create Udp" library="packet_creator">
<var>${udp}</var>
<arg>${1234}</arg>
<arg>${4321}</arg>
<msg timestamp="20221216 14:12:32.242" level="WARN">more Calling str(pkt) on Python 3 makes no sense!</msg>
<msg timestamp="20221216 14:12:32.243" level="WARN">No IP underlayer to compute checksum. Leaving null.</msg>
<msg timestamp="20221216 14:12:32.243" level="INFO">${udp} = b'\x04\xd2\x10\xe1\x00\x08\x00\x00'</msg>
<status status="PASS" starttime="20221216 14:12:32.238" endtime="20221216 14:12:32.243"/>
</kw>
<kw name="Create List" library="BuiltIn">
<var>${protocols}</var>
<arg>${ether}</arg>
<arg>${ip}</arg>
<arg>${udp}</arg>
<doc>Returns a list containing given items.</doc>
<msg timestamp="20221216 14:12:32.245" level="INFO">${protocols} = [&lt;Ether  dst=d0:00:6a:10:36:3b src=d0:00:6a:10:3b:cc |&gt;, &lt;IP  src=192.168.50.2 dst=192.168.50.3 |&gt;, &lt;UDP  sport=1234 dport=4321 |&gt;]</msg>
<status status="PASS" starttime="20221216 14:12:32.244" endtime="20221216 14:12:32.245"/>
</kw>
<kw name="Assemble Protocols" library="packet_creator">
<var>${packet_0}</var>
<arg>${protocols}</arg>
<msg timestamp="20221216 14:12:32.247" level="INFO">${packet_0} = b'\xd0\x00j\x106;\xd0\x00j\x10;\xcc\x08\x00E\x00\x00\x1c\x00\x01\x00\x00@\x11\x95z\xc0\xa82\x02\xc0\xa82\x03\x04\xd2\x10\xe1\x00\x08\x04\xd5'</msg>
<status status="PASS" starttime="20221216 14:12:32.245" endtime="20221216 14:12:32.247"/>
</kw>
<kw name="Set Global Variable" library="BuiltIn">
<arg>${packet_0}</arg>
<doc>Makes a variable available globally in all tests and suites.</doc>
<msg timestamp="20221216 14:12:32.251" level="INFO">${packet_0} = b'\xd0\x00j\x106;\xd0\x00j\x10;\xcc\x08\x00E\x00\x00\x1c\x00\x01\x00\x00@\x11\x95z\xc0\xa82\x02\xc0\xa82\x03\x04\xd2\x10\xe1\x00\x08\x04\xd5'</msg>
<status status="PASS" starttime="20221216 14:12:32.248" endtime="20221216 14:12:32.251"/>
</kw>
<kw name="Create Ether" library="packet_creator">
<var>${ether}</var>
<arg>${mac_porta_1}</arg>
<arg>${mac_porta_0}</arg>
<msg timestamp="20221216 14:12:32.252" level="INFO">${ether} = b'\xd0\x00j\x10;\xcc\xd0\x00j\x106;\x90\x00'</msg>
<status status="PASS" starttime="20221216 14:12:32.251" endtime="20221216 14:12:32.252"/>
</kw>
<kw name="Create Ipv4" library="packet_creator">
<var>${ip}</var>
<arg>${ip_porta_1}</arg>
<arg>${ip_porta_0}</arg>
<msg timestamp="20221216 14:12:32.254" level="INFO">${ip} = b'E\x00\x00\x14\x00\x01\x00\x00@\x00\x95\x93\xc0\xa82\x03\xc0\xa82\x02'</msg>
<status status="PASS" starttime="20221216 14:12:32.253" endtime="20221216 14:12:32.254"/>
</kw>
<kw name="Create Udp" library="packet_creator">
<var>${udp}</var>
<arg>${4321}</arg>
<arg>${1234}</arg>
<msg timestamp="20221216 14:12:32.258" level="WARN">No IP underlayer to compute checksum. Leaving null.</msg>
<msg timestamp="20221216 14:12:32.258" level="INFO">${udp} = b'\x10\xe1\x04\xd2\x00\x08\x00\x00'</msg>
<status status="PASS" starttime="20221216 14:12:32.254" endtime="20221216 14:12:32.258"/>
</kw>
<kw name="Create List" library="BuiltIn">
<var>${protocols}</var>
<arg>${ether}</arg>
<arg>${ip}</arg>
<arg>${udp}</arg>
<doc>Returns a list containing given items.</doc>
<msg timestamp="20221216 14:12:32.259" level="INFO">${protocols} = [&lt;Ether  dst=d0:00:6a:10:3b:cc src=d0:00:6a:10:36:3b |&gt;, &lt;IP  src=192.168.50.3 dst=192.168.50.2 |&gt;, &lt;UDP  sport=4321 dport=1234 |&gt;]</msg>
<status status="PASS" starttime="20221216 14:12:32.258" endtime="20221216 14:12:32.259"/>
</kw>
<kw name="Assemble Protocols" library="packet_creator">
<var>${packet_1}</var>
<arg>${protocols}</arg>
<msg timestamp="20221216 14:12:32.262" level="INFO">${packet_1} = b'\xd0\x00j\x10;\xcc\xd0\x00j\x106;\x08\x00E\x00\x00\x1c\x00\x01\x00\x00@\x11\x95z\xc0\xa82\x03\xc0\xa82\x02\x10\xe1\x04\xd2\x00\x08\x04\xd5'</msg>
<status status="PASS" starttime="20221216 14:12:32.259" endtime="20221216 14:12:32.262"/>
</kw>
<kw name="Set Global Variable" library="BuiltIn">
<arg>${packet_1}</arg>
<doc>Makes a variable available globally in all tests and suites.</doc>
<msg timestamp="20221216 14:12:32.265" level="INFO">${packet_1} = b'\xd0\x00j\x10;\xcc\xd0\x00j\x106;\x08\x00E\x00\x00\x1c\x00\x01\x00\x00@\x11\x95z\xc0\xa82\x03\xc0\xa82\x02\x10\xe1\x04\xd2\x00\x08\x04\xd5'</msg>
<status status="PASS" starttime="20221216 14:12:32.262" endtime="20221216 14:12:32.265"/>
</kw>
<kw name="Set Variable" library="BuiltIn">
<var>${nome_do_protocolo}</var>
<arg>UDP</arg>
<doc>Returns the given values which can then be assigned to a variables.</doc>
<msg timestamp="20221216 14:12:32.266" level="INFO">${nome_do_protocolo} = UDP</msg>
<status status="PASS" starttime="20221216 14:12:32.265" endtime="20221216 14:12:32.266"/>
</kw>
<kw name="Set Global Variable" library="BuiltIn">
<arg>${nome_do_protocolo}</arg>
<doc>Makes a variable available globally in all tests and suites.</doc>
<msg timestamp="20221216 14:12:32.266" level="INFO">${nome_do_protocolo} = UDP</msg>
<status status="PASS" starttime="20221216 14:12:32.266" endtime="20221216 14:12:32.267"/>
</kw>
<status status="PASS" starttime="20221216 14:12:32.233" endtime="20221216 14:12:32.267"/>
</kw>
<kw name="And the t-rex basic configuration is done">
<kw name="Init" library="T-Rex_test">
<arg>${packet_0}</arg>
<arg>${packet_1}</arg>
<arg>${velocidade}</arg>
<status status="PASS" starttime="20221216 14:12:32.268" endtime="20221216 14:12:32.436"/>
</kw>
<status status="PASS" starttime="20221216 14:12:32.267" endtime="20221216 14:12:32.436"/>
</kw>
<kw name="When traffic is started through t-rex api">
<kw name="Start Traffic" library="T-Rex_test">
<arg>${duracao}</arg>
<status status="PASS" starttime="20221216 14:12:32.437" endtime="20221216 14:12:42.582"/>
</kw>
<status status="PASS" starttime="20221216 14:12:32.436" endtime="20221216 14:12:42.582"/>
</kw>
<kw name="Then all traffic sent is received without dropped packets">
<kw name="Get Lost Packets" library="T-Rex_test">
<var>${lost_packets}</var>
<msg timestamp="20221216 14:12:42.588" level="INFO">${lost_packets} = -2</msg>
<status status="PASS" starttime="20221216 14:12:42.583" endtime="20221216 14:12:42.588"/>
</kw>
<kw name="Set Variable" library="BuiltIn">
<var>${no_error}</var>
<arg>${True}</arg>
<doc>Returns the given values which can then be assigned to a variables.</doc>
<msg timestamp="20221216 14:12:42.589" level="INFO">${no_error} = True</msg>
<status status="PASS" starttime="20221216 14:12:42.588" endtime="20221216 14:12:42.589"/>
</kw>
<if>
<branch type="IF" condition="${lost_packets} &gt; ${0}">
<kw>
<var>${no_error}=</var>
<var>${False}</var>
<status status="NOT RUN" starttime="20221216 14:12:42.590" endtime="20221216 14:12:42.590"/>
</kw>
<status status="NOT RUN" starttime="20221216 14:12:42.589" endtime="20221216 14:12:42.590"/>
</branch>
<status status="PASS" starttime="20221216 14:12:42.589" endtime="20221216 14:12:42.590"/>
</if>
<kw name="Should Be True" library="BuiltIn">
<arg>${no_error}</arg>
<doc>Fails if the given condition is not true.</doc>
<status status="PASS" starttime="20221216 14:12:42.590" endtime="20221216 14:12:42.590"/>
</kw>
<status status="PASS" starttime="20221216 14:12:42.582" endtime="20221216 14:12:42.590"/>
</kw>
<kw name="And we then disconnect">
<kw name="Disconnect" library="T-Rex_test">
<status status="PASS" starttime="20221216 14:12:42.591" endtime="20221216 14:12:42.593"/>
</kw>
<status status="PASS" starttime="20221216 14:12:42.591" endtime="20221216 14:12:42.594"/>
</kw>
<status status="PASS" starttime="20221216 14:12:32.233" endtime="20221216 14:12:42.594"/>
</test>
<test id="s1-t4" name="T-Rex ARP Test" line="53">
<kw name="Given the ARP packets are created" library="Test_ARP">
<kw name="Create Ether" library="packet_creator">
<var>${ether}</var>
<arg>${mac_porta_0}</arg>
<arg>ff:ff:ff:ff:ff:ff</arg>
<msg timestamp="20221216 14:12:42.597" level="WARN">Calling str(pkt) on Python 3 makes no sense!</msg>
<msg timestamp="20221216 14:12:42.597" level="INFO">${ether} = b'\xff\xff\xff\xff\xff\xff\xd0\x00j\x10;\xcc\x90\x00'</msg>
<status status="PASS" starttime="20221216 14:12:42.596" endtime="20221216 14:12:42.597"/>
</kw>
<kw name="Create Arp" library="packet_creator">
<var>${arp}</var>
<arg>192.168.50.2</arg>
<arg>192.168.50.3</arg>
<msg timestamp="20221216 14:12:42.599" level="WARN">Calling str(pkt) on Python 3 makes no sense!</msg>
<msg timestamp="20221216 14:12:42.599" level="INFO">${arp} = b'\x00\x01\x08\x00\x06\x04\x00\x01\x00\x00\x00\x00\x00\x00\xc0\xa82\x02\x00\x00\x00\x00\x00\x00\xc0\xa82\x03'</msg>
<status status="PASS" starttime="20221216 14:12:42.598" endtime="20221216 14:12:42.599"/>
</kw>
<kw name="Create List" library="BuiltIn">
<var>${protocols}</var>
<arg>${ether}</arg>
<arg>${arp}</arg>
<doc>Returns a list containing given items.</doc>
<msg timestamp="20221216 14:12:42.600" level="INFO">${protocols} = [&lt;Ether  dst=ff:ff:ff:ff:ff:ff src=d0:00:6a:10:3b:cc |&gt;, &lt;ARP  op=who-has psrc=192.168.50.2 pdst=192.168.50.3 |&gt;]</msg>
<status status="PASS" starttime="20221216 14:12:42.600" endtime="20221216 14:12:42.600"/>
</kw>
<kw name="Assemble Protocols" library="packet_creator">
<var>${packet_0}</var>
<arg>${protocols}</arg>
<msg timestamp="20221216 14:12:42.601" level="WARN">more Calling str(pkt) on Python 3 makes no sense!</msg>
<msg timestamp="20221216 14:12:42.602" level="INFO">${packet_0} = b'\xff\xff\xff\xff\xff\xff\xd0\x00j\x10;\xcc\x08\x06\x00\x01\x08\x00\x06\x04\x00\x01\x00\x00\x00\x00\x00\x00\xc0\xa82\x02\x00\x00\x00\x00\x00\x00\xc0\xa82\x03'</msg>
<status status="PASS" starttime="20221216 14:12:42.600" endtime="20221216 14:12:42.602"/>
</kw>
<kw name="Set Global Variable" library="BuiltIn">
<arg>${packet_0}</arg>
<doc>Makes a variable available globally in all tests and suites.</doc>
<msg timestamp="20221216 14:12:42.604" level="INFO">${packet_0} = b'\xff\xff\xff\xff\xff\xff\xd0\x00j\x10;\xcc\x08\x06\x00\x01\x08\x00\x06\x04\x00\x01\x00\x00\x00\x00\x00\x00\xc0\xa82\x02\x00\x00\x00\x00\x00\x00\xc0\xa82\x03'</msg>
<status status="PASS" starttime="20221216 14:12:42.602" endtime="20221216 14:12:42.604"/>
</kw>
<kw name="Create Ether" library="packet_creator">
<var>${ether}</var>
<arg>${mac_porta_1}</arg>
<arg>ff:ff:ff:ff:ff:ff</arg>
<msg timestamp="20221216 14:12:42.605" level="INFO">${ether} = b'\xff\xff\xff\xff\xff\xff\xd0\x00j\x106;\x90\x00'</msg>
<status status="PASS" starttime="20221216 14:12:42.604" endtime="20221216 14:12:42.605"/>
</kw>
<kw name="Create Arp" library="packet_creator">
<var>${arp}</var>
<arg>192.168.50.3</arg>
<arg>192.168.50.2</arg>
<msg timestamp="20221216 14:12:42.606" level="INFO">${arp} = b'\x00\x01\x08\x00\x06\x04\x00\x01\x00\x00\x00\x00\x00\x00\xc0\xa82\x03\x00\x00\x00\x00\x00\x00\xc0\xa82\x02'</msg>
<status status="PASS" starttime="20221216 14:12:42.605" endtime="20221216 14:12:42.606"/>
</kw>
<kw name="Create List" library="BuiltIn">
<var>${protocols}</var>
<arg>${ether}</arg>
<arg>${arp}</arg>
<doc>Returns a list containing given items.</doc>
<msg timestamp="20221216 14:12:42.607" level="INFO">${protocols} = [&lt;Ether  dst=ff:ff:ff:ff:ff:ff src=d0:00:6a:10:36:3b |&gt;, &lt;ARP  op=who-has psrc=192.168.50.3 pdst=192.168.50.2 |&gt;]</msg>
<status status="PASS" starttime="20221216 14:12:42.606" endtime="20221216 14:12:42.607"/>
</kw>
<kw name="Assemble Protocols" library="packet_creator">
<var>${packet_1}</var>
<arg>${protocols}</arg>
<msg timestamp="20221216 14:12:42.609" level="INFO">${packet_1} = b'\xff\xff\xff\xff\xff\xff\xd0\x00j\x106;\x08\x06\x00\x01\x08\x00\x06\x04\x00\x01\x00\x00\x00\x00\x00\x00\xc0\xa82\x03\x00\x00\x00\x00\x00\x00\xc0\xa82\x02'</msg>
<status status="PASS" starttime="20221216 14:12:42.607" endtime="20221216 14:12:42.609"/>
</kw>
<kw name="Set Global Variable" library="BuiltIn">
<arg>${packet_1}</arg>
<doc>Makes a variable available globally in all tests and suites.</doc>
<msg timestamp="20221216 14:12:42.613" level="INFO">${packet_1} = b'\xff\xff\xff\xff\xff\xff\xd0\x00j\x106;\x08\x06\x00\x01\x08\x00\x06\x04\x00\x01\x00\x00\x00\x00\x00\x00\xc0\xa82\x03\x00\x00\x00\x00\x00\x00\xc0\xa82\x02'</msg>
<status status="PASS" starttime="20221216 14:12:42.609" endtime="20221216 14:12:42.613"/>
</kw>
<kw name="Set Variable" library="BuiltIn">
<var>${duracao}</var>
<arg>${duracao_local}</arg>
<doc>Returns the given values which can then be assigned to a variables.</doc>
<msg timestamp="20221216 14:12:42.613" level="INFO">${duracao} = </msg>
<status status="PASS" starttime="20221216 14:12:42.613" endtime="20221216 14:12:42.613"/>
</kw>
<kw name="Set Global Variable" library="BuiltIn">
<arg>${nome_do_protocolo}</arg>
<doc>Makes a variable available globally in all tests and suites.</doc>
<msg timestamp="20221216 14:12:42.614" level="INFO">${nome_do_protocolo} = UDP</msg>
<status status="PASS" starttime="20221216 14:12:42.614" endtime="20221216 14:12:42.614"/>
</kw>
<kw name="Set Variable" library="BuiltIn">
<var>${nome_do_protocolo}</var>
<arg>ARP</arg>
<doc>Returns the given values which can then be assigned to a variables.</doc>
<msg timestamp="20221216 14:12:42.615" level="INFO">${nome_do_protocolo} = ARP</msg>
<status status="PASS" starttime="20221216 14:12:42.614" endtime="20221216 14:12:42.615"/>
</kw>
<kw name="Set Global Variable" library="BuiltIn">
<arg>${nome_do_protocolo}</arg>
<doc>Makes a variable available globally in all tests and suites.</doc>
<msg timestamp="20221216 14:12:42.615" level="INFO">${nome_do_protocolo} = ARP</msg>
<status status="PASS" starttime="20221216 14:12:42.615" endtime="20221216 14:12:42.615"/>
</kw>
<status status="PASS" starttime="20221216 14:12:42.595" endtime="20221216 14:12:42.615"/>
</kw>
<kw name="And the t-rex basic configuration is done">
<kw name="Init" library="T-Rex_test">
<arg>${packet_0}</arg>
<arg>${packet_1}</arg>
<arg>${velocidade}</arg>
<status status="PASS" starttime="20221216 14:12:42.616" endtime="20221216 14:12:42.777"/>
</kw>
<status status="PASS" starttime="20221216 14:12:42.616" endtime="20221216 14:12:42.777"/>
</kw>
<kw name="When traffic is started through t-rex api">
<kw name="Start Traffic" library="T-Rex_test">
<arg>${duracao}</arg>
<status status="PASS" starttime="20221216 14:12:42.777" endtime="20221216 14:12:52.989"/>
</kw>
<status status="PASS" starttime="20221216 14:12:42.777" endtime="20221216 14:12:52.990"/>
</kw>
<kw name="Then all traffic sent is received without dropped packets">
<kw name="Get Lost Packets" library="T-Rex_test">
<var>${lost_packets}</var>
<msg timestamp="20221216 14:12:52.995" level="INFO">${lost_packets} = 0</msg>
<status status="PASS" starttime="20221216 14:12:52.990" endtime="20221216 14:12:52.995"/>
</kw>
<kw name="Set Variable" library="BuiltIn">
<var>${no_error}</var>
<arg>${True}</arg>
<doc>Returns the given values which can then be assigned to a variables.</doc>
<msg timestamp="20221216 14:12:52.995" level="INFO">${no_error} = True</msg>
<status status="PASS" starttime="20221216 14:12:52.995" endtime="20221216 14:12:52.995"/>
</kw>
<if>
<branch type="IF" condition="${lost_packets} &gt; ${0}">
<kw>
<var>${no_error}=</var>
<var>${False}</var>
<status status="NOT RUN" starttime="20221216 14:12:52.996" endtime="20221216 14:12:52.996"/>
</kw>
<status status="NOT RUN" starttime="20221216 14:12:52.996" endtime="20221216 14:12:52.996"/>
</branch>
<status status="PASS" starttime="20221216 14:12:52.995" endtime="20221216 14:12:52.996"/>
</if>
<kw name="Should Be True" library="BuiltIn">
<arg>${no_error}</arg>
<doc>Fails if the given condition is not true.</doc>
<status status="PASS" starttime="20221216 14:12:52.996" endtime="20221216 14:12:52.997"/>
</kw>
<status status="PASS" starttime="20221216 14:12:52.990" endtime="20221216 14:12:52.997"/>
</kw>
<kw name="And we then disconnect">
<kw name="Disconnect" library="T-Rex_test">
<status status="PASS" starttime="20221216 14:12:52.997" endtime="20221216 14:12:52.999"/>
</kw>
<status status="PASS" starttime="20221216 14:12:52.997" endtime="20221216 14:12:52.999"/>
</kw>
<status status="PASS" starttime="20221216 14:12:42.595" endtime="20221216 14:12:53.000"/>
</test>
<test id="s1-t5" name="T-Rex ICMP Test" line="61">
<kw name="Given the ICMP packets are created" library="Test_ICMP">
<kw name="Create Ether" library="packet_creator">
<var>${ether}</var>
<arg>${mac_porta_0}</arg>
<arg>${mac_porta_1}</arg>
<msg timestamp="20221216 14:12:53.002" level="WARN">Calling str(pkt) on Python 3 makes no sense!</msg>
<msg timestamp="20221216 14:12:53.002" level="INFO">${ether} = b'\xd0\x00j\x106;\xd0\x00j\x10;\xcc\x90\x00'</msg>
<status status="PASS" starttime="20221216 14:12:53.001" endtime="20221216 14:12:53.002"/>
</kw>
<kw name="Create Ipv4" library="packet_creator">
<var>${ip}</var>
<arg>${ip_porta_0}</arg>
<arg>${ip_porta_1}</arg>
<msg timestamp="20221216 14:12:53.003" level="WARN">Calling str(pkt) on Python 3 makes no sense!</msg>
<msg timestamp="20221216 14:12:53.003" level="INFO">${ip} = b'E\x00\x00\x14\x00\x01\x00\x00@\x00\x95\x93\xc0\xa82\x02\xc0\xa82\x03'</msg>
<status status="PASS" starttime="20221216 14:12:53.002" endtime="20221216 14:12:53.004"/>
</kw>
<kw name="Create Icmp" library="packet_creator">
<var>${icmp}</var>
<arg>${8}</arg>
<arg>${0}</arg>
<msg timestamp="20221216 14:12:53.005" level="WARN">more Calling str(pkt) on Python 3 makes no sense!</msg>
<msg timestamp="20221216 14:12:53.006" level="INFO">${icmp} = b'\x08\x00\xf7\xff\x00\x00\x00\x00'</msg>
<status status="PASS" starttime="20221216 14:12:53.004" endtime="20221216 14:12:53.006"/>
</kw>
<kw name="Create List" library="BuiltIn">
<var>${protocols}</var>
<arg>${ether}</arg>
<arg>${ip}</arg>
<arg>${icmp}</arg>
<doc>Returns a list containing given items.</doc>
<msg timestamp="20221216 14:12:53.007" level="INFO">${protocols} = [&lt;Ether  dst=d0:00:6a:10:36:3b src=d0:00:6a:10:3b:cc |&gt;, &lt;IP  src=192.168.50.2 dst=192.168.50.3 |&gt;, &lt;ICMP  type=echo-request code=0 |&gt;]</msg>
<status status="PASS" starttime="20221216 14:12:53.006" endtime="20221216 14:12:53.007"/>
</kw>
<kw name="Assemble Protocols" library="packet_creator">
<var>${packet_0}</var>
<arg>${protocols}</arg>
<msg timestamp="20221216 14:12:53.009" level="INFO">${packet_0} = b'\xd0\x00j\x106;\xd0\x00j\x10;\xcc\x08\x00E\x00\x00\x1c\x00\x01\x00\x00@\x01\x95\x8a\xc0\xa82\x02\xc0\xa82\x03\x08\x00\xf7\xff\x00\x00\x00\x00'</msg>
<status status="PASS" starttime="20221216 14:12:53.007" endtime="20221216 14:12:53.009"/>
</kw>
<kw name="Set Global Variable" library="BuiltIn">
<arg>${packet_0}</arg>
<doc>Makes a variable available globally in all tests and suites.</doc>
<msg timestamp="20221216 14:12:53.011" level="INFO">${packet_0} = b'\xd0\x00j\x106;\xd0\x00j\x10;\xcc\x08\x00E\x00\x00\x1c\x00\x01\x00\x00@\x01\x95\x8a\xc0\xa82\x02\xc0\xa82\x03\x08\x00\xf7\xff\x00\x00\x00\x00'</msg>
<status status="PASS" starttime="20221216 14:12:53.009" endtime="20221216 14:12:53.011"/>
</kw>
<kw name="Create Ether" library="packet_creator">
<var>${ether}</var>
<arg>${mac_porta_1}</arg>
<arg>${mac_porta_0}</arg>
<msg timestamp="20221216 14:12:53.012" level="INFO">${ether} = b'\xd0\x00j\x10;\xcc\xd0\x00j\x106;\x90\x00'</msg>
<status status="PASS" starttime="20221216 14:12:53.012" endtime="20221216 14:12:53.012"/>
</kw>
<kw name="Create Ipv4" library="packet_creator">
<var>${ip}</var>
<arg>${ip_porta_1}</arg>
<arg>${ip_porta_0}</arg>
<msg timestamp="20221216 14:12:53.013" level="INFO">${ip} = b'E\x00\x00\x14\x00\x01\x00\x00@\x00\x95\x93\xc0\xa82\x03\xc0\xa82\x02'</msg>
<status status="PASS" starttime="20221216 14:12:53.013" endtime="20221216 14:12:53.013"/>
</kw>
<kw name="Create Icmp" library="packet_creator">
<var>${icmp}</var>
<arg>${8}</arg>
<arg>${0}</arg>
<msg timestamp="20221216 14:12:53.016" level="INFO">${icmp} = b'\x08\x00\xf7\xff\x00\x00\x00\x00'</msg>
<status status="PASS" starttime="20221216 14:12:53.014" endtime="20221216 14:12:53.016"/>
</kw>
<kw name="Create List" library="BuiltIn">
<var>${protocols}</var>
<arg>${ether}</arg>
<arg>${ip}</arg>
<arg>${icmp}</arg>
<doc>Returns a list containing given items.</doc>
<msg timestamp="20221216 14:12:53.018" level="INFO">${protocols} = [&lt;Ether  dst=d0:00:6a:10:3b:cc src=d0:00:6a:10:36:3b |&gt;, &lt;IP  src=192.168.50.3 dst=192.168.50.2 |&gt;, &lt;ICMP  type=echo-request code=0 |&gt;]</msg>
<status status="PASS" starttime="20221216 14:12:53.017" endtime="20221216 14:12:53.018"/>
</kw>
<kw name="Assemble Protocols" library="packet_creator">
<var>${packet_1}</var>
<arg>${protocols}</arg>
<msg timestamp="20221216 14:12:53.021" level="INFO">${packet_1} = b'\xd0\x00j\x10;\xcc\xd0\x00j\x106;\x08\x00E\x00\x00\x1c\x00\x01\x00\x00@\x01\x95\x8a\xc0\xa82\x03\xc0\xa82\x02\x08\x00\xf7\xff\x00\x00\x00\x00'</msg>
<status status="PASS" starttime="20221216 14:12:53.018" endtime="20221216 14:12:53.021"/>
</kw>
<kw name="Set Global Variable" library="BuiltIn">
<arg>${packet_1}</arg>
<doc>Makes a variable available globally in all tests and suites.</doc>
<msg timestamp="20221216 14:12:53.023" level="INFO">${packet_1} = b'\xd0\x00j\x10;\xcc\xd0\x00j\x106;\x08\x00E\x00\x00\x1c\x00\x01\x00\x00@\x01\x95\x8a\xc0\xa82\x03\xc0\xa82\x02\x08\x00\xf7\xff\x00\x00\x00\x00'</msg>
<status status="PASS" starttime="20221216 14:12:53.021" endtime="20221216 14:12:53.023"/>
</kw>
<kw name="Set Variable" library="BuiltIn">
<var>${nome_do_protocolo}</var>
<arg>ICMP</arg>
<doc>Returns the given values which can then be assigned to a variables.</doc>
<msg timestamp="20221216 14:12:53.024" level="INFO">${nome_do_protocolo} = ICMP</msg>
<status status="PASS" starttime="20221216 14:12:53.023" endtime="20221216 14:12:53.024"/>
</kw>
<kw name="Set Global Variable" library="BuiltIn">
<arg>${nome_do_protocolo}</arg>
<doc>Makes a variable available globally in all tests and suites.</doc>
<msg timestamp="20221216 14:12:53.024" level="INFO">${nome_do_protocolo} = ICMP</msg>
<status status="PASS" starttime="20221216 14:12:53.024" endtime="20221216 14:12:53.024"/>
</kw>
<status status="PASS" starttime="20221216 14:12:53.001" endtime="20221216 14:12:53.024"/>
</kw>
<kw name="And the t-rex basic configuration is done">
<kw name="Init" library="T-Rex_test">
<arg>${packet_0}</arg>
<arg>${packet_1}</arg>
<arg>${velocidade}</arg>
<status status="PASS" starttime="20221216 14:12:53.025" endtime="20221216 14:12:53.180"/>
</kw>
<status status="PASS" starttime="20221216 14:12:53.025" endtime="20221216 14:12:53.181"/>
</kw>
<kw name="When traffic is started through t-rex api">
<kw name="Start Traffic" library="T-Rex_test">
<arg>${duracao}</arg>
<status status="PASS" starttime="20221216 14:12:53.181" endtime="20221216 14:13:03.350"/>
</kw>
<status status="PASS" starttime="20221216 14:12:53.181" endtime="20221216 14:13:03.350"/>
</kw>
<kw name="Then all traffic sent is received without dropped packets">
<kw name="Get Lost Packets" library="T-Rex_test">
<var>${lost_packets}</var>
<msg timestamp="20221216 14:13:03.355" level="INFO">${lost_packets} = 0</msg>
<status status="PASS" starttime="20221216 14:13:03.350" endtime="20221216 14:13:03.355"/>
</kw>
<kw name="Set Variable" library="BuiltIn">
<var>${no_error}</var>
<arg>${True}</arg>
<doc>Returns the given values which can then be assigned to a variables.</doc>
<msg timestamp="20221216 14:13:03.355" level="INFO">${no_error} = True</msg>
<status status="PASS" starttime="20221216 14:13:03.355" endtime="20221216 14:13:03.355"/>
</kw>
<if>
<branch type="IF" condition="${lost_packets} &gt; ${0}">
<kw>
<var>${no_error}=</var>
<var>${False}</var>
<status status="NOT RUN" starttime="20221216 14:13:03.356" endtime="20221216 14:13:03.356"/>
</kw>
<status status="NOT RUN" starttime="20221216 14:13:03.356" endtime="20221216 14:13:03.356"/>
</branch>
<status status="PASS" starttime="20221216 14:13:03.355" endtime="20221216 14:13:03.356"/>
</if>
<kw name="Should Be True" library="BuiltIn">
<arg>${no_error}</arg>
<doc>Fails if the given condition is not true.</doc>
<status status="PASS" starttime="20221216 14:13:03.356" endtime="20221216 14:13:03.357"/>
</kw>
<status status="PASS" starttime="20221216 14:13:03.350" endtime="20221216 14:13:03.357"/>
</kw>
<kw name="And we then disconnect">
<kw name="Disconnect" library="T-Rex_test">
<status status="PASS" starttime="20221216 14:13:03.358" endtime="20221216 14:13:03.359"/>
</kw>
<status status="PASS" starttime="20221216 14:13:03.357" endtime="20221216 14:13:03.360"/>
</kw>
<status status="PASS" starttime="20221216 14:12:53.000" endtime="20221216 14:13:03.360"/>
</test>
<test id="s1-t6" name="T-Rex DNS Test" line="69">
<kw name="Given the DNS packets are created" library="Test_DNS">
<kw name="Create Ether" library="packet_creator">
<var>${ether}</var>
<arg>${mac_porta_0}</arg>
<arg>${mac_porta_1}</arg>
<msg timestamp="20221216 14:13:03.362" level="WARN">Calling str(pkt) on Python 3 makes no sense!</msg>
<msg timestamp="20221216 14:13:03.362" level="INFO">${ether} = b'\xd0\x00j\x106;\xd0\x00j\x10;\xcc\x90\x00'</msg>
<status status="PASS" starttime="20221216 14:13:03.361" endtime="20221216 14:13:03.362"/>
</kw>
<kw name="Create Ipv4" library="packet_creator">
<var>${ip}</var>
<arg>${ip_porta_0}</arg>
<arg>${ip_porta_1}</arg>
<msg timestamp="20221216 14:13:03.363" level="WARN">Calling str(pkt) on Python 3 makes no sense!</msg>
<msg timestamp="20221216 14:13:03.364" level="INFO">${ip} = b'E\x00\x00\x14\x00\x01\x00\x00@\x00\x95\x93\xc0\xa82\x02\xc0\xa82\x03'</msg>
<status status="PASS" starttime="20221216 14:13:03.362" endtime="20221216 14:13:03.364"/>
</kw>
<kw name="Create Udp" library="packet_creator">
<var>${udp}</var>
<arg>${1234}</arg>
<arg>${53}</arg>
<msg timestamp="20221216 14:13:03.365" level="WARN">more Calling str(pkt) on Python 3 makes no sense!</msg>
<msg timestamp="20221216 14:13:03.366" level="WARN">No IP underlayer to compute checksum. Leaving null.</msg>
<msg timestamp="20221216 14:13:03.366" level="INFO">${udp} = b'\x04\xd2\x005\x00\x08\x00\x00'</msg>
<status status="PASS" starttime="20221216 14:13:03.364" endtime="20221216 14:13:03.366"/>
</kw>
<kw name="Create Dns" library="packet_creator">
<var>${dns}</var>
<msg timestamp="20221216 14:13:03.367" level="INFO">${dns} = b'\x00\x00\x01\x00\x00\x01\x00\x00\x00\x00\x00\x00\x03www\x0beduardodias\x03com\x00\x00\x01\x00\x01'</msg>
<status status="PASS" starttime="20221216 14:13:03.366" endtime="20221216 14:13:03.367"/>
</kw>
<kw name="Create List" library="BuiltIn">
<var>${protocols}</var>
<arg>${ether}</arg>
<arg>${ip}</arg>
<arg>${udp}</arg>
<arg>${dns}</arg>
<doc>Returns a list containing given items.</doc>
<msg timestamp="20221216 14:13:03.369" level="INFO">${protocols} = [&lt;Ether  dst=d0:00:6a:10:36:3b src=d0:00:6a:10:3b:cc |&gt;, &lt;IP  src=192.168.50.2 dst=192.168.50.3 |&gt;, &lt;UDP  sport=1234 dport=53 |&gt;, &lt;DNS  rd=1 qd=&lt;DNSQR  qname='www.eduardodias.com' |&gt; |&gt;]</msg>
<status status="PASS" starttime="20221216 14:13:03.368" endtime="20221216 14:13:03.369"/>
</kw>
<kw name="Assemble Protocols" library="packet_creator">
<var>${packet_0}</var>
<arg>${protocols}</arg>
<msg timestamp="20221216 14:13:03.371" level="INFO">${packet_0} = b'\xd0\x00j\x106;\xd0\x00j\x10;\xcc\x08\x00E\x00\x00A\x00\x01\x00\x00@\x11\x95U\xc0\xa82\x02\xc0\xa82\x03\x04\xd2\x005\x00-(\xde\x00\x00\x01\x00\x00\x01\x00\x00\x00\x00\x00\x00\x03www\x0beduardodias\x...</msg>
<status status="PASS" starttime="20221216 14:13:03.369" endtime="20221216 14:13:03.371"/>
</kw>
<kw name="Set Global Variable" library="BuiltIn">
<arg>${packet_0}</arg>
<doc>Makes a variable available globally in all tests and suites.</doc>
<msg timestamp="20221216 14:13:03.374" level="INFO">${packet_0} = b'\xd0\x00j\x106;\xd0\x00j\x10;\xcc\x08\x00E\x00\x00A\x00\x01\x00\x00@\x11\x95U\xc0\xa82\x02\xc0\xa82\x03\x04\xd2\x005\x00-(\xde\x00\x00\x01\x00\x00\x01\x00\x00\x00\x00\x00\x00\x03www\x0beduardodias\x...</msg>
<status status="PASS" starttime="20221216 14:13:03.372" endtime="20221216 14:13:03.374"/>
</kw>
<kw name="Create Ether" library="packet_creator">
<var>${ether}</var>
<arg>${mac_porta_1}</arg>
<arg>${mac_porta_0}</arg>
<msg timestamp="20221216 14:13:03.375" level="INFO">${ether} = b'\xd0\x00j\x10;\xcc\xd0\x00j\x106;\x90\x00'</msg>
<status status="PASS" starttime="20221216 14:13:03.375" endtime="20221216 14:13:03.375"/>
</kw>
<kw name="Create Ipv4" library="packet_creator">
<var>${ip}</var>
<arg>${ip_porta_1}</arg>
<arg>${ip_porta_0}</arg>
<msg timestamp="20221216 14:13:03.376" level="INFO">${ip} = b'E\x00\x00\x14\x00\x01\x00\x00@\x00\x95\x93\xc0\xa82\x03\xc0\xa82\x02'</msg>
<status status="PASS" starttime="20221216 14:13:03.376" endtime="20221216 14:13:03.376"/>
</kw>
<kw name="Create Udp" library="packet_creator">
<var>${udp}</var>
<arg>${4321}</arg>
<arg>${53}</arg>
<msg timestamp="20221216 14:13:03.379" level="WARN">No IP underlayer to compute checksum. Leaving null.</msg>
<msg timestamp="20221216 14:13:03.379" level="INFO">${udp} = b'\x10\xe1\x005\x00\x08\x00\x00'</msg>
<status status="PASS" starttime="20221216 14:13:03.377" endtime="20221216 14:13:03.379"/>
</kw>
<kw name="Create Dns" library="packet_creator">
<var>${dns}</var>
<msg timestamp="20221216 14:13:03.380" level="INFO">${dns} = b'\x00\x00\x01\x00\x00\x01\x00\x00\x00\x00\x00\x00\x03www\x0beduardodias\x03com\x00\x00\x01\x00\x01'</msg>
<status status="PASS" starttime="20221216 14:13:03.379" endtime="20221216 14:13:03.381"/>
</kw>
<kw name="Create List" library="BuiltIn">
<var>${protocols}</var>
<arg>${ether}</arg>
<arg>${ip}</arg>
<arg>${udp}</arg>
<arg>${dns}</arg>
<doc>Returns a list containing given items.</doc>
<msg timestamp="20221216 14:13:03.381" level="INFO">${protocols} = [&lt;Ether  dst=d0:00:6a:10:3b:cc src=d0:00:6a:10:36:3b |&gt;, &lt;IP  src=192.168.50.3 dst=192.168.50.2 |&gt;, &lt;UDP  sport=4321 dport=53 |&gt;, &lt;DNS  rd=1 qd=&lt;DNSQR  qname='www.eduardodias.com' |&gt; |&gt;]</msg>
<status status="PASS" starttime="20221216 14:13:03.381" endtime="20221216 14:13:03.382"/>
</kw>
<kw name="Assemble Protocols" library="packet_creator">
<var>${packet_1}</var>
<arg>${protocols}</arg>
<msg timestamp="20221216 14:13:03.384" level="INFO">${packet_1} = b'\xd0\x00j\x10;\xcc\xd0\x00j\x106;\x08\x00E\x00\x00A\x00\x01\x00\x00@\x11\x95U\xc0\xa82\x03\xc0\xa82\x02\x10\xe1\x005\x00-\x1c\xcf\x00\x00\x01\x00\x00\x01\x00\x00\x00\x00\x00\x00\x03www\x0beduardodia...</msg>
<status status="PASS" starttime="20221216 14:13:03.382" endtime="20221216 14:13:03.384"/>
</kw>
<kw name="Set Global Variable" library="BuiltIn">
<arg>${packet_1}</arg>
<doc>Makes a variable available globally in all tests and suites.</doc>
<msg timestamp="20221216 14:13:03.387" level="INFO">${packet_1} = b'\xd0\x00j\x10;\xcc\xd0\x00j\x106;\x08\x00E\x00\x00A\x00\x01\x00\x00@\x11\x95U\xc0\xa82\x03\xc0\xa82\x02\x10\xe1\x005\x00-\x1c\xcf\x00\x00\x01\x00\x00\x01\x00\x00\x00\x00\x00\x00\x03www\x0beduardodia...</msg>
<status status="PASS" starttime="20221216 14:13:03.384" endtime="20221216 14:13:03.387"/>
</kw>
<kw name="Set Variable" library="BuiltIn">
<var>${nome_do_protocolo}</var>
<arg>DNS</arg>
<doc>Returns the given values which can then be assigned to a variables.</doc>
<msg timestamp="20221216 14:13:03.387" level="INFO">${nome_do_protocolo} = DNS</msg>
<status status="PASS" starttime="20221216 14:13:03.387" endtime="20221216 14:13:03.387"/>
</kw>
<kw name="Set Global Variable" library="BuiltIn">
<arg>${nome_do_protocolo}</arg>
<doc>Makes a variable available globally in all tests and suites.</doc>
<msg timestamp="20221216 14:13:03.388" level="INFO">${nome_do_protocolo} = DNS</msg>
<status status="PASS" starttime="20221216 14:13:03.387" endtime="20221216 14:13:03.388"/>
</kw>
<status status="PASS" starttime="20221216 14:13:03.361" endtime="20221216 14:13:03.388"/>
</kw>
<kw name="And the t-rex basic configuration is done">
<kw name="Init" library="T-Rex_test">
<arg>${packet_0}</arg>
<arg>${packet_1}</arg>
<arg>${velocidade}</arg>
<status status="PASS" starttime="20221216 14:13:03.388" endtime="20221216 14:13:03.544"/>
</kw>
<status status="PASS" starttime="20221216 14:13:03.388" endtime="20221216 14:13:03.544"/>
</kw>
<kw name="When traffic is started through t-rex api">
<kw name="Start Traffic" library="T-Rex_test">
<arg>${duracao}</arg>
<status status="PASS" starttime="20221216 14:13:03.545" endtime="20221216 14:13:13.697"/>
</kw>
<status status="PASS" starttime="20221216 14:13:03.544" endtime="20221216 14:13:13.697"/>
</kw>
<kw name="Then all traffic sent is received without dropped packets">
<kw name="Get Lost Packets" library="T-Rex_test">
<var>${lost_packets}</var>
<msg timestamp="20221216 14:13:13.702" level="INFO">${lost_packets} = 0</msg>
<status status="PASS" starttime="20221216 14:13:13.698" endtime="20221216 14:13:13.702"/>
</kw>
<kw name="Set Variable" library="BuiltIn">
<var>${no_error}</var>
<arg>${True}</arg>
<doc>Returns the given values which can then be assigned to a variables.</doc>
<msg timestamp="20221216 14:13:13.703" level="INFO">${no_error} = True</msg>
<status status="PASS" starttime="20221216 14:13:13.702" endtime="20221216 14:13:13.703"/>
</kw>
<if>
<branch type="IF" condition="${lost_packets} &gt; ${0}">
<kw>
<var>${no_error}=</var>
<var>${False}</var>
<status status="NOT RUN" starttime="20221216 14:13:13.703" endtime="20221216 14:13:13.704"/>
</kw>
<status status="NOT RUN" starttime="20221216 14:13:13.703" endtime="20221216 14:13:13.704"/>
</branch>
<status status="PASS" starttime="20221216 14:13:13.703" endtime="20221216 14:13:13.704"/>
</if>
<kw name="Should Be True" library="BuiltIn">
<arg>${no_error}</arg>
<doc>Fails if the given condition is not true.</doc>
<status status="PASS" starttime="20221216 14:13:13.704" endtime="20221216 14:13:13.704"/>
</kw>
<status status="PASS" starttime="20221216 14:13:13.697" endtime="20221216 14:13:13.704"/>
</kw>
<kw name="And we then disconnect">
<kw name="Disconnect" library="T-Rex_test">
<status status="PASS" starttime="20221216 14:13:13.705" endtime="20221216 14:13:13.707"/>
</kw>
<status status="PASS" starttime="20221216 14:13:13.704" endtime="20221216 14:13:13.707"/>
</kw>
<status status="PASS" starttime="20221216 14:13:03.360" endtime="20221216 14:13:13.707"/>
</test>
<doc>Arquivo para testar o T-Rex</doc>
<status status="PASS" starttime="20221216 14:12:10.492" endtime="20221216 14:13:13.708"/>
</suite>
<statistics>
<total>
<stat pass="6" fail="0" skip="0">All Tests</stat>
</total>
<tag>
</tag>
<suite>
<stat pass="6" fail="0" skip="0" id="s1" name="Test">Test</stat>
</suite>
</statistics>
<errors>
<msg timestamp="20221216 14:12:11.331" level="ERROR">Error in library 'T-Rex_test': Adding keyword 'Dns Get Str' failed: Keyword with same name defined multiple times.</msg>
<msg timestamp="20221216 14:12:11.423" level="ERROR">Error in library 'packet_creator': Adding keyword 'Dns Get Str' failed: Keyword with same name defined multiple times.</msg>
<msg timestamp="20221216 14:12:11.479" level="WARN">Calling str(pkt) on Python 3 makes no sense!</msg>
<msg timestamp="20221216 14:12:11.480" level="WARN">Calling str(pkt) on Python 3 makes no sense!</msg>
<msg timestamp="20221216 14:12:11.482" level="WARN">more Calling str(pkt) on Python 3 makes no sense!</msg>
<msg timestamp="20221216 14:12:21.890" level="WARN">Calling str(pkt) on Python 3 makes no sense!</msg>
<msg timestamp="20221216 14:12:21.892" level="WARN">Calling str(pkt) on Python 3 makes no sense!</msg>
<msg timestamp="20221216 14:12:21.895" level="WARN">more Calling str(pkt) on Python 3 makes no sense!</msg>
<msg timestamp="20221216 14:12:32.235" level="WARN">Calling str(pkt) on Python 3 makes no sense!</msg>
<msg timestamp="20221216 14:12:32.237" level="WARN">Calling str(pkt) on Python 3 makes no sense!</msg>
<msg timestamp="20221216 14:12:32.242" level="WARN">more Calling str(pkt) on Python 3 makes no sense!</msg>
<msg timestamp="20221216 14:12:32.243" level="WARN">No IP underlayer to compute checksum. Leaving null.</msg>
<msg timestamp="20221216 14:12:32.258" level="WARN">No IP underlayer to compute checksum. Leaving null.</msg>
<msg timestamp="20221216 14:12:42.597" level="WARN">Calling str(pkt) on Python 3 makes no sense!</msg>
<msg timestamp="20221216 14:12:42.599" level="WARN">Calling str(pkt) on Python 3 makes no sense!</msg>
<msg timestamp="20221216 14:12:42.601" level="WARN">more Calling str(pkt) on Python 3 makes no sense!</msg>
<msg timestamp="20221216 14:12:53.002" level="WARN">Calling str(pkt) on Python 3 makes no sense!</msg>
<msg timestamp="20221216 14:12:53.003" level="WARN">Calling str(pkt) on Python 3 makes no sense!</msg>
<msg timestamp="20221216 14:12:53.005" level="WARN">more Calling str(pkt) on Python 3 makes no sense!</msg>
<msg timestamp="20221216 14:13:03.362" level="WARN">Calling str(pkt) on Python 3 makes no sense!</msg>
<msg timestamp="20221216 14:13:03.363" level="WARN">Calling str(pkt) on Python 3 makes no sense!</msg>
<msg timestamp="20221216 14:13:03.365" level="WARN">more Calling str(pkt) on Python 3 makes no sense!</msg>
<msg timestamp="20221216 14:13:03.366" level="WARN">No IP underlayer to compute checksum. Leaving null.</msg>
<msg timestamp="20221216 14:13:03.379" level="WARN">No IP underlayer to compute checksum. Leaving null.</msg>
</errors>
</robot>
