<?xml version="1.0" encoding="UTF-8"?>
<robot generator="Robot 6.0.2 (Python 3.10.6 on linux)" generated="20230110 14:41:13.917" rpa="false" schemaversion="3">
<suite id="s1" name="Test" source="/home/datacom28/Documentos/robot-framework-trex/STL/Test.robot">
<test id="s1-t1" name="T-Rex DHCP Test" line="38">
<kw name="Given the DHCP packets are created" library="Test_DHCP">
<kw name="Create Ether" library="packet_creator">
<var>${ether}</var>
<arg>${mac_porta_0}</arg>
<arg>${mac_porta_1}</arg>
<msg timestamp="20230110 14:41:15.868" level="WARN">Calling str(pkt) on Python 3 makes no sense!</msg>
<msg timestamp="20230110 14:41:15.869" level="INFO">${ether} = b'\xd0\x00j\x106;\xd0\x00j\x10;\xcc\x90\x00'</msg>
<status status="PASS" starttime="20230110 14:41:15.864" endtime="20230110 14:41:15.869"/>
</kw>
<kw name="Create Ipv4" library="packet_creator">
<var>${ip}</var>
<arg>${ip_porta_0}</arg>
<arg>${ip_porta_1}</arg>
<msg timestamp="20230110 14:41:15.870" level="WARN">Calling str(pkt) on Python 3 makes no sense!</msg>
<msg timestamp="20230110 14:41:15.870" level="INFO">${ip} = b'E\x00\x00\x14\x00\x01\x00\x00@\x00\x95\x93\xc0\xa82\x02\xc0\xa82\x03'</msg>
<status status="PASS" starttime="20230110 14:41:15.869" endtime="20230110 14:41:15.870"/>
</kw>
<kw name="Create Udp" library="packet_creator">
<var>${udp}</var>
<arg>${67}</arg>
<arg>${68}</arg>
<msg timestamp="20230110 14:41:15.873" level="WARN">more Calling str(pkt) on Python 3 makes no sense!</msg>
<msg timestamp="20230110 14:41:15.874" level="WARN">No IP underlayer to compute checksum. Leaving null.</msg>
<msg timestamp="20230110 14:41:15.874" level="INFO">${udp} = b'\x00C\x00D\x00\x08\x00\x00'</msg>
<status status="PASS" starttime="20230110 14:41:15.871" endtime="20230110 14:41:15.874"/>
</kw>
<kw name="Create Bootp" library="packet_creator">
<var>${bootp}</var>
<arg>${mac_porta_0}</arg>
<msg timestamp="20230110 14:41:15.876" level="INFO">${bootp} = b'\x01\x01\x06\x00\x01\x02\x03\x04\x00\x00\x00\x01\x00\x00\x00\x00\x00\x00\x00\x00\x00\x00\x00\x00\x00\x00\x00\x00d0:00:6a:10:3b:c\x00\x00\x00\x00\x00\x00\x00\x00\x00\x00\x00\x00\x00\x00\x00\x00\x00\x...</msg>
<status status="PASS" starttime="20230110 14:41:15.875" endtime="20230110 14:41:15.876"/>
</kw>
<kw name="Create Dhcp" library="packet_creator">
<var>${dhcp}</var>
<msg timestamp="20230110 14:41:15.877" level="INFO">${dhcp} = b'5\x01\x01\xff'</msg>
<status status="PASS" starttime="20230110 14:41:15.876" endtime="20230110 14:41:15.877"/>
</kw>
<kw name="Create List" library="BuiltIn">
<var>${protocols}</var>
<arg>${ether}</arg>
<arg>${ip}</arg>
<arg>${udp}</arg>
<arg>${bootp}</arg>
<arg>${dhcp}</arg>
<doc>Returns a list containing given items.</doc>
<msg timestamp="20230110 14:41:15.878" level="INFO">${protocols} = [&lt;Ether  dst=d0:00:6a:10:36:3b src=d0:00:6a:10:3b:cc |&gt;, &lt;IP  src=192.168.50.2 dst=192.168.50.3 |&gt;, &lt;UDP  sport=67 dport=68 |&gt;, &lt;BOOTP  xid=16909060 flags=? ciaddr=0.0.0.0 chaddr='d0:00:6a:10:3b:cc' |...</msg>
<status status="PASS" starttime="20230110 14:41:15.877" endtime="20230110 14:41:15.878"/>
</kw>
<kw name="Assemble Protocols" library="packet_creator">
<var>${packet_0}</var>
<arg>${protocols}</arg>
<msg timestamp="20230110 14:41:15.879" level="INFO">${packet_0} = b'\xd0\x00j\x106;\xd0\x00j\x10;\xcc\x08\x00E\x00\x01\x10\x00\x01\x00\x00@\x11\x94\x86\xc0\xa82\x02\xc0\xa82\x03\x00C\x00D\x00\xfcA\xfe\x01\x01\x06\x00\x01\x02\x03\x04\x00\x00\x00\x01\x00\x00\x00\x00\x...</msg>
<status status="PASS" starttime="20230110 14:41:15.878" endtime="20230110 14:41:15.879"/>
</kw>
<kw name="Set Global Variable" library="BuiltIn">
<arg>${packet_0}</arg>
<doc>Makes a variable available globally in all tests and suites.</doc>
<msg timestamp="20230110 14:41:15.882" level="INFO">${packet_0} = b'\xd0\x00j\x106;\xd0\x00j\x10;\xcc\x08\x00E\x00\x01\x10\x00\x01\x00\x00@\x11\x94\x86\xc0\xa82\x02\xc0\xa82\x03\x00C\x00D\x00\xfcA\xfe\x01\x01\x06\x00\x01\x02\x03\x04\x00\x00\x00\x01\x00\x00\x00\x00\x...</msg>
<status status="PASS" starttime="20230110 14:41:15.880" endtime="20230110 14:41:15.882"/>
</kw>
<kw name="Create Ether" library="packet_creator">
<var>${ether}</var>
<arg>${mac_porta_1}</arg>
<arg>${mac_porta_0}</arg>
<msg timestamp="20230110 14:41:15.883" level="INFO">${ether} = b'\xd0\x00j\x10;\xcc\xd0\x00j\x106;\x90\x00'</msg>
<status status="PASS" starttime="20230110 14:41:15.883" endtime="20230110 14:41:15.883"/>
</kw>
<kw name="Create Ipv4" library="packet_creator">
<var>${ip}</var>
<arg>${ip_porta_1}</arg>
<arg>${ip_porta_0}</arg>
<msg timestamp="20230110 14:41:15.884" level="INFO">${ip} = b'E\x00\x00\x14\x00\x01\x00\x00@\x00\x95\x93\xc0\xa82\x03\xc0\xa82\x02'</msg>
<status status="PASS" starttime="20230110 14:41:15.883" endtime="20230110 14:41:15.884"/>
</kw>
<kw name="Create Udp" library="packet_creator">
<var>${udp}</var>
<arg>${67}</arg>
<arg>${68}</arg>
<msg timestamp="20230110 14:41:15.886" level="WARN">No IP underlayer to compute checksum. Leaving null.</msg>
<msg timestamp="20230110 14:41:15.886" level="INFO">${udp} = b'\x00C\x00D\x00\x08\x00\x00'</msg>
<status status="PASS" starttime="20230110 14:41:15.884" endtime="20230110 14:41:15.886"/>
</kw>
<kw name="Create Bootp" library="packet_creator">
<var>${bootp}</var>
<arg>${mac_porta_1}</arg>
<msg timestamp="20230110 14:41:15.886" level="INFO">${bootp} = b'\x01\x01\x06\x00\x01\x02\x03\x04\x00\x00\x00\x01\x00\x00\x00\x00\x00\x00\x00\x00\x00\x00\x00\x00\x00\x00\x00\x00d0:00:6a:10:36:3\x00\x00\x00\x00\x00\x00\x00\x00\x00\x00\x00\x00\x00\x00\x00\x00\x00\x...</msg>
<status status="PASS" starttime="20230110 14:41:15.886" endtime="20230110 14:41:15.886"/>
</kw>
<kw name="Create Dhcp" library="packet_creator">
<var>${dhcp}</var>
<msg timestamp="20230110 14:41:15.887" level="INFO">${dhcp} = b'5\x01\x01\xff'</msg>
<status status="PASS" starttime="20230110 14:41:15.887" endtime="20230110 14:41:15.887"/>
</kw>
<kw name="Create List" library="BuiltIn">
<var>${protocols}</var>
<arg>${ether}</arg>
<arg>${ip}</arg>
<arg>${udp}</arg>
<arg>${bootp}</arg>
<arg>${dhcp}</arg>
<doc>Returns a list containing given items.</doc>
<msg timestamp="20230110 14:41:15.888" level="INFO">${protocols} = [&lt;Ether  dst=d0:00:6a:10:3b:cc src=d0:00:6a:10:36:3b |&gt;, &lt;IP  src=192.168.50.3 dst=192.168.50.2 |&gt;, &lt;UDP  sport=67 dport=68 |&gt;, &lt;BOOTP  xid=16909060 flags=? ciaddr=0.0.0.0 chaddr='d0:00:6a:10:36:3b' |...</msg>
<status status="PASS" starttime="20230110 14:41:15.887" endtime="20230110 14:41:15.888"/>
</kw>
<kw name="Assemble Protocols" library="packet_creator">
<var>${packet_1}</var>
<arg>${protocols}</arg>
<msg timestamp="20230110 14:41:15.890" level="INFO">${packet_1} = b'\xd0\x00j\x10;\xcc\xd0\x00j\x106;\x08\x00E\x00\x01\x10\x00\x01\x00\x00@\x11\x94\x86\xc0\xa82\x03\xc0\xa82\x02\x00C\x00D\x00\xfcBZ\x01\x01\x06\x00\x01\x02\x03\x04\x00\x00\x00\x01\x00\x00\x00\x00\x00\...</msg>
<status status="PASS" starttime="20230110 14:41:15.888" endtime="20230110 14:41:15.890"/>
</kw>
<kw name="Set Global Variable" library="BuiltIn">
<arg>${packet_1}</arg>
<doc>Makes a variable available globally in all tests and suites.</doc>
<msg timestamp="20230110 14:41:15.892" level="INFO">${packet_1} = b'\xd0\x00j\x10;\xcc\xd0\x00j\x106;\x08\x00E\x00\x01\x10\x00\x01\x00\x00@\x11\x94\x86\xc0\xa82\x03\xc0\xa82\x02\x00C\x00D\x00\xfcBZ\x01\x01\x06\x00\x01\x02\x03\x04\x00\x00\x00\x01\x00\x00\x00\x00\x00\...</msg>
<status status="PASS" starttime="20230110 14:41:15.890" endtime="20230110 14:41:15.892"/>
</kw>
<status status="PASS" starttime="20230110 14:41:15.864" endtime="20230110 14:41:15.892"/>
</kw>
<kw name="And the t-rex basic configuration is done">
<kw name="Init" library="T-Rex_test">
<arg>${packet_0}</arg>
<arg>${packet_1}</arg>
<arg>${velocidade}</arg>
<status status="PASS" starttime="20230110 14:41:15.892" endtime="20230110 14:41:16.069"/>
</kw>
<status status="PASS" starttime="20230110 14:41:15.892" endtime="20230110 14:41:16.069"/>
</kw>
<kw name="When traffic is started through t-rex api">
<kw name="Start Traffic" library="T-Rex_test">
<arg>${duracao}</arg>
<status status="FAIL" starttime="20230110 14:41:16.070" endtime="20230110 14:41:20.193"/>
</kw>
<status status="FAIL" starttime="20230110 14:41:16.069" endtime="20230110 14:41:20.193"/>
</kw>
<kw name="Then all traffic sent is received without dropped packets">
<status status="NOT RUN" starttime="20230110 14:41:20.193" endtime="20230110 14:41:20.194"/>
</kw>
<kw name="And we then disconnect">
<status status="NOT RUN" starttime="20230110 14:41:20.194" endtime="20230110 14:41:20.194"/>
</kw>
<status status="FAIL" starttime="20230110 14:41:15.863" endtime="20230110 14:41:20.194">Execution terminated by signal</status>
</test>
<test id="s1-t2" name="T-Rex UDP Test" line="46">
<tag>robot:exit</tag>
<status status="FAIL" starttime="20230110 14:41:20.194" endtime="20230110 14:41:20.195">Test execution stopped due to a fatal error.</status>
</test>
<test id="s1-t3" name="T-Rex IPv6 Test" line="54">
<tag>robot:exit</tag>
<status status="FAIL" starttime="20230110 14:41:20.195" endtime="20230110 14:41:20.196">Test execution stopped due to a fatal error.</status>
</test>
<test id="s1-t4" name="T-Rex IGMP Test" line="62">
<tag>robot:exit</tag>
<status status="FAIL" starttime="20230110 14:41:20.196" endtime="20230110 14:41:20.196">Test execution stopped due to a fatal error.</status>
</test>
<test id="s1-t5" name="T-Rex ARP Test" line="70">
<tag>robot:exit</tag>
<status status="FAIL" starttime="20230110 14:41:20.196" endtime="20230110 14:41:20.197">Test execution stopped due to a fatal error.</status>
</test>
<test id="s1-t6" name="T-Rex ICMP Test" line="78">
<tag>robot:exit</tag>
<status status="FAIL" starttime="20230110 14:41:20.197" endtime="20230110 14:41:20.197">Test execution stopped due to a fatal error.</status>
</test>
<test id="s1-t7" name="T-Rex DNS Test" line="86">
<tag>robot:exit</tag>
<status status="FAIL" starttime="20230110 14:41:20.197" endtime="20230110 14:41:20.198">Test execution stopped due to a fatal error.</status>
</test>
<doc>Arquivo para testar o T-Rex</doc>
<status status="FAIL" starttime="20230110 14:41:13.918" endtime="20230110 14:41:20.198"/>
</suite>
<statistics>
<total>
<stat pass="0" fail="7" skip="0">All Tests</stat>
</total>
<tag>
<stat pass="0" fail="1" skip="0" info="combined" combined="NOT robot:exit">NOT robot:exit</stat>
</tag>
<suite>
<stat pass="0" fail="7" skip="0" id="s1" name="Test">Test</stat>
</suite>
</statistics>
<errors>
<msg timestamp="20230110 14:41:15.706" level="ERROR">Error in library 'T-Rex_test': Adding keyword 'Dns Get Str' failed: Keyword with same name defined multiple times.</msg>
<msg timestamp="20230110 14:41:15.815" level="ERROR">Error in library 'packet_creator': Adding keyword 'Dns Get Str' failed: Keyword with same name defined multiple times.</msg>
<msg timestamp="20230110 14:41:15.861" level="ERROR">Error in file '/home/datacom28/Documentos/robot-framework-trex/STL/Test.robot' on line 12: Resource file 'Test_DHCPv6.robot' does not exist.</msg>
<msg timestamp="20230110 14:41:15.868" level="WARN">Calling str(pkt) on Python 3 makes no sense!</msg>
<msg timestamp="20230110 14:41:15.870" level="WARN">Calling str(pkt) on Python 3 makes no sense!</msg>
<msg timestamp="20230110 14:41:15.873" level="WARN">more Calling str(pkt) on Python 3 makes no sense!</msg>
<msg timestamp="20230110 14:41:15.874" level="WARN">No IP underlayer to compute checksum. Leaving null.</msg>
<msg timestamp="20230110 14:41:15.886" level="WARN">No IP underlayer to compute checksum. Leaving null.</msg>
</errors>
</robot>
