<?xml version="1.0" encoding="UTF-8"?>
<robot generator="Robot 6.0.2 (Python 3.10.6 on linux)" generated="20230117 14:40:32.592" rpa="false" schemaversion="3">
<suite id="s1" name="Test" source="/home/datacom28/Downloads/robot_framework_test-main/STL/Test.robot">
<test id="s1-t1" name="T-Rex DHCP Test" line="38">
<kw name="Given the DHCP packets are created" library="Test_DHCP">
<kw name="Create Ether" library="packet_creator">
<var>${ether}</var>
<arg>${mac_porta_0}</arg>
<arg>${mac_porta_1}</arg>
<msg timestamp="20230117 14:40:33.846" level="WARN">Calling str(pkt) on Python 3 makes no sense!</msg>
<msg timestamp="20230117 14:40:33.847" level="INFO">${ether} = b'\xd0\x00j\x106;\xd0\x00j\x10;\xcc\x90\x00'</msg>
<status status="PASS" starttime="20230117 14:40:33.795" endtime="20230117 14:40:33.847"/>
</kw>
<kw name="Create Ipv4" library="packet_creator">
<var>${ip}</var>
<arg>${ip_porta_0}</arg>
<arg>${ip_porta_1}</arg>
<msg timestamp="20230117 14:40:33.851" level="WARN">Calling str(pkt) on Python 3 makes no sense!</msg>
<msg timestamp="20230117 14:40:33.852" level="INFO">${ip} = b'E\x00\x00\x14\x00\x01\x00\x00@\x00\x95\x93\xc0\xa82\x02\xc0\xa82\x03'</msg>
<status status="PASS" starttime="20230117 14:40:33.848" endtime="20230117 14:40:33.853"/>
</kw>
<kw name="Create Udp" library="packet_creator">
<var>${udp}</var>
<arg>${67}</arg>
<arg>${68}</arg>
<msg timestamp="20230117 14:40:33.857" level="WARN">more Calling str(pkt) on Python 3 makes no sense!</msg>
<msg timestamp="20230117 14:40:33.859" level="WARN">No IP underlayer to compute checksum. Leaving null.</msg>
<msg timestamp="20230117 14:40:33.859" level="INFO">${udp} = b'\x00C\x00D\x00\x08\x00\x00'</msg>
<status status="PASS" starttime="20230117 14:40:33.853" endtime="20230117 14:40:33.859"/>
</kw>
<kw name="Create Bootp" library="packet_creator">
<var>${bootp}</var>
<arg>${mac_porta_0}</arg>
<msg timestamp="20230117 14:40:33.861" level="INFO">${bootp} = b'\x01\x01\x06\x00\x01\x02\x03\x04\x00\x00\x00\x01\x00\x00\x00\x00\x00\x00\x00\x00\x00\x00\x00\x00\x00\x00\x00\x00d0:00:6a:10:3b:c\x00\x00\x00\x00\x00\x00\x00\x00\x00\x00\x00\x00\x00\x00\x00\x00\x00\x...</msg>
<status status="PASS" starttime="20230117 14:40:33.860" endtime="20230117 14:40:33.861"/>
</kw>
<kw name="Create Dhcp" library="packet_creator">
<var>${dhcp}</var>
<msg timestamp="20230117 14:40:33.863" level="INFO">${dhcp} = b'5\x01\x01\xff'</msg>
<status status="PASS" starttime="20230117 14:40:33.861" endtime="20230117 14:40:33.863"/>
</kw>
<kw name="Create List" library="BuiltIn">
<var>${protocols}</var>
<arg>${ether}</arg>
<arg>${ip}</arg>
<arg>${udp}</arg>
<arg>${bootp}</arg>
<arg>${dhcp}</arg>
<doc>Returns a list containing given items.</doc>
<msg timestamp="20230117 14:40:33.864" level="INFO">${protocols} = [&lt;Ether  dst=d0:00:6a:10:36:3b src=d0:00:6a:10:3b:cc |&gt;, &lt;IP  src=192.168.50.2 dst=192.168.50.3 |&gt;, &lt;UDP  sport=67 dport=68 |&gt;, &lt;BOOTP  xid=16909060 flags=? ciaddr=0.0.0.0 chaddr='d0:00:6a:10:3b:cc' |...</msg>
<status status="PASS" starttime="20230117 14:40:33.863" endtime="20230117 14:40:33.864"/>
</kw>
<kw name="Assemble Protocols" library="packet_creator">
<var>${packet_0}</var>
<arg>${protocols}</arg>
<msg timestamp="20230117 14:40:33.871" level="INFO">${packet_0} = b'\xd0\x00j\x106;\xd0\x00j\x10;\xcc\x08\x00E\x00\x01\x10\x00\x01\x00\x00@\x11\x94\x86\xc0\xa82\x02\xc0\xa82\x03\x00C\x00D\x00\xfcA\xfe\x01\x01\x06\x00\x01\x02\x03\x04\x00\x00\x00\x01\x00\x00\x00\x00\x...</msg>
<status status="PASS" starttime="20230117 14:40:33.865" endtime="20230117 14:40:33.871"/>
</kw>
<kw name="Set Global Variable" library="BuiltIn">
<arg>${packet_0}</arg>
<doc>Makes a variable available globally in all tests and suites.</doc>
<msg timestamp="20230117 14:40:33.898" level="INFO">${packet_0} = b'\xd0\x00j\x106;\xd0\x00j\x10;\xcc\x08\x00E\x00\x01\x10\x00\x01\x00\x00@\x11\x94\x86\xc0\xa82\x02\xc0\xa82\x03\x00C\x00D\x00\xfcA\xfe\x01\x01\x06\x00\x01\x02\x03\x04\x00\x00\x00\x01\x00\x00\x00\x00\x...</msg>
<status status="PASS" starttime="20230117 14:40:33.872" endtime="20230117 14:40:33.898"/>
</kw>
<kw name="Create Ether" library="packet_creator">
<var>${ether}</var>
<arg>${mac_porta_1}</arg>
<arg>${mac_porta_0}</arg>
<msg timestamp="20230117 14:40:33.899" level="INFO">${ether} = b'\xd0\x00j\x10;\xcc\xd0\x00j\x106;\x90\x00'</msg>
<status status="PASS" starttime="20230117 14:40:33.898" endtime="20230117 14:40:33.900"/>
</kw>
<kw name="Create Ipv4" library="packet_creator">
<var>${ip}</var>
<arg>${ip_porta_1}</arg>
<arg>${ip_porta_0}</arg>
<msg timestamp="20230117 14:40:33.902" level="INFO">${ip} = b'E\x00\x00\x14\x00\x01\x00\x00@\x00\x95\x93\xc0\xa82\x03\xc0\xa82\x02'</msg>
<status status="PASS" starttime="20230117 14:40:33.900" endtime="20230117 14:40:33.902"/>
</kw>
<kw name="Create Udp" library="packet_creator">
<var>${udp}</var>
<arg>${67}</arg>
<arg>${68}</arg>
<msg timestamp="20230117 14:40:33.907" level="WARN">No IP underlayer to compute checksum. Leaving null.</msg>
<msg timestamp="20230117 14:40:33.907" level="INFO">${udp} = b'\x00C\x00D\x00\x08\x00\x00'</msg>
<status status="PASS" starttime="20230117 14:40:33.903" endtime="20230117 14:40:33.908"/>
</kw>
<kw name="Create Bootp" library="packet_creator">
<var>${bootp}</var>
<arg>${mac_porta_1}</arg>
<msg timestamp="20230117 14:40:33.909" level="INFO">${bootp} = b'\x01\x01\x06\x00\x01\x02\x03\x04\x00\x00\x00\x01\x00\x00\x00\x00\x00\x00\x00\x00\x00\x00\x00\x00\x00\x00\x00\x00d0:00:6a:10:36:3\x00\x00\x00\x00\x00\x00\x00\x00\x00\x00\x00\x00\x00\x00\x00\x00\x00\x...</msg>
<status status="PASS" starttime="20230117 14:40:33.908" endtime="20230117 14:40:33.909"/>
</kw>
<kw name="Create Dhcp" library="packet_creator">
<var>${dhcp}</var>
<msg timestamp="20230117 14:40:33.910" level="INFO">${dhcp} = b'5\x01\x01\xff'</msg>
<status status="PASS" starttime="20230117 14:40:33.909" endtime="20230117 14:40:33.910"/>
</kw>
<kw name="Create List" library="BuiltIn">
<var>${protocols}</var>
<arg>${ether}</arg>
<arg>${ip}</arg>
<arg>${udp}</arg>
<arg>${bootp}</arg>
<arg>${dhcp}</arg>
<doc>Returns a list containing given items.</doc>
<msg timestamp="20230117 14:40:33.911" level="INFO">${protocols} = [&lt;Ether  dst=d0:00:6a:10:3b:cc src=d0:00:6a:10:36:3b |&gt;, &lt;IP  src=192.168.50.3 dst=192.168.50.2 |&gt;, &lt;UDP  sport=67 dport=68 |&gt;, &lt;BOOTP  xid=16909060 flags=? ciaddr=0.0.0.0 chaddr='d0:00:6a:10:36:3b' |...</msg>
<status status="PASS" starttime="20230117 14:40:33.910" endtime="20230117 14:40:33.911"/>
</kw>
<kw name="Assemble Protocols" library="packet_creator">
<var>${packet_1}</var>
<arg>${protocols}</arg>
<msg timestamp="20230117 14:40:33.917" level="INFO">${packet_1} = b'\xd0\x00j\x10;\xcc\xd0\x00j\x106;\x08\x00E\x00\x01\x10\x00\x01\x00\x00@\x11\x94\x86\xc0\xa82\x03\xc0\xa82\x02\x00C\x00D\x00\xfcBZ\x01\x01\x06\x00\x01\x02\x03\x04\x00\x00\x00\x01\x00\x00\x00\x00\x00\...</msg>
<status status="PASS" starttime="20230117 14:40:33.912" endtime="20230117 14:40:33.917"/>
</kw>
<kw name="Set Global Variable" library="BuiltIn">
<arg>${packet_1}</arg>
<doc>Makes a variable available globally in all tests and suites.</doc>
<msg timestamp="20230117 14:40:33.922" level="INFO">${packet_1} = b'\xd0\x00j\x10;\xcc\xd0\x00j\x106;\x08\x00E\x00\x01\x10\x00\x01\x00\x00@\x11\x94\x86\xc0\xa82\x03\xc0\xa82\x02\x00C\x00D\x00\xfcBZ\x01\x01\x06\x00\x01\x02\x03\x04\x00\x00\x00\x01\x00\x00\x00\x00\x00\...</msg>
<status status="PASS" starttime="20230117 14:40:33.917" endtime="20230117 14:40:33.922"/>
</kw>
<status status="PASS" starttime="20230117 14:40:33.795" endtime="20230117 14:40:33.923"/>
</kw>
<kw name="And the t-rex basic configuration is done">
<kw name="Init" library="T-Rex_test">
<arg>${packet_0}</arg>
<arg>${packet_1}</arg>
<arg>${velocidade}</arg>
<msg timestamp="20230117 14:40:37.057" level="FAIL">TRexError: *** [RPC] - Failed to get server response from tcp://localhost:4501</msg>
<status status="FAIL" starttime="20230117 14:40:33.925" endtime="20230117 14:40:37.057"/>
</kw>
<status status="FAIL" starttime="20230117 14:40:33.924" endtime="20230117 14:40:37.057"/>
</kw>
<kw name="When traffic is started through t-rex api">
<status status="NOT RUN" starttime="20230117 14:40:37.058" endtime="20230117 14:40:37.058"/>
</kw>
<kw name="Then all traffic sent is received without dropped packets">
<status status="NOT RUN" starttime="20230117 14:40:37.058" endtime="20230117 14:40:37.058"/>
</kw>
<kw name="And we then disconnect">
<status status="NOT RUN" starttime="20230117 14:40:37.059" endtime="20230117 14:40:37.059"/>
</kw>
<status status="FAIL" starttime="20230117 14:40:33.794" endtime="20230117 14:40:37.059">TRexError: *** [RPC] - Failed to get server response from tcp://localhost:4501</status>
</test>
<test id="s1-t2" name="T-Rex UDP Test" line="46">
<kw name="Given the UDP packets are created" library="Test_UDP">
<kw name="Create Ether" library="packet_creator">
<var>${ether}</var>
<arg>${mac_porta_0}</arg>
<arg>${mac_porta_1}</arg>
<msg timestamp="20230117 14:40:37.062" level="INFO">${ether} = b'\xd0\x00j\x106;\xd0\x00j\x10;\xcc\x90\x00'</msg>
<status status="PASS" starttime="20230117 14:40:37.061" endtime="20230117 14:40:37.062"/>
</kw>
<kw name="Create Ipv4" library="packet_creator">
<var>${ip}</var>
<arg>${ip_porta_0}</arg>
<arg>${ip_porta_1}</arg>
<msg timestamp="20230117 14:40:37.063" level="INFO">${ip} = b'E\x00\x00\x14\x00\x01\x00\x00@\x00\x95\x93\xc0\xa82\x02\xc0\xa82\x03'</msg>
<status status="PASS" starttime="20230117 14:40:37.062" endtime="20230117 14:40:37.063"/>
</kw>
<kw name="Create Udp" library="packet_creator">
<var>${udp}</var>
<arg>${1234}</arg>
<arg>${4321}</arg>
<msg timestamp="20230117 14:40:37.065" level="WARN">more No IP underlayer to compute checksum. Leaving null.</msg>
<msg timestamp="20230117 14:40:37.066" level="INFO">${udp} = b'\x04\xd2\x10\xe1\x00\x08\x00\x00'</msg>
<status status="PASS" starttime="20230117 14:40:37.063" endtime="20230117 14:40:37.066"/>
</kw>
<kw name="Create List" library="BuiltIn">
<var>${protocols}</var>
<arg>${ether}</arg>
<arg>${ip}</arg>
<arg>${udp}</arg>
<doc>Returns a list containing given items.</doc>
<msg timestamp="20230117 14:40:37.066" level="INFO">${protocols} = [&lt;Ether  dst=d0:00:6a:10:36:3b src=d0:00:6a:10:3b:cc |&gt;, &lt;IP  src=192.168.50.2 dst=192.168.50.3 |&gt;, &lt;UDP  sport=1234 dport=4321 |&gt;]</msg>
<status status="PASS" starttime="20230117 14:40:37.066" endtime="20230117 14:40:37.066"/>
</kw>
<kw name="Assemble Protocols" library="packet_creator">
<var>${packet_0}</var>
<arg>${protocols}</arg>
<msg timestamp="20230117 14:40:37.067" level="INFO">${packet_0} = b'\xd0\x00j\x106;\xd0\x00j\x10;\xcc\x08\x00E\x00\x00\x1c\x00\x01\x00\x00@\x11\x95z\xc0\xa82\x02\xc0\xa82\x03\x04\xd2\x10\xe1\x00\x08\x04\xd5'</msg>
<status status="PASS" starttime="20230117 14:40:37.066" endtime="20230117 14:40:37.068"/>
</kw>
<kw name="Set Global Variable" library="BuiltIn">
<arg>${packet_0}</arg>
<doc>Makes a variable available globally in all tests and suites.</doc>
<msg timestamp="20230117 14:40:37.075" level="INFO">${packet_0} = b'\xd0\x00j\x106;\xd0\x00j\x10;\xcc\x08\x00E\x00\x00\x1c\x00\x01\x00\x00@\x11\x95z\xc0\xa82\x02\xc0\xa82\x03\x04\xd2\x10\xe1\x00\x08\x04\xd5'</msg>
<status status="PASS" starttime="20230117 14:40:37.068" endtime="20230117 14:40:37.075"/>
</kw>
<kw name="Create Ether" library="packet_creator">
<var>${ether}</var>
<arg>${mac_porta_1}</arg>
<arg>${mac_porta_0}</arg>
<msg timestamp="20230117 14:40:37.077" level="INFO">${ether} = b'\xd0\x00j\x10;\xcc\xd0\x00j\x106;\x90\x00'</msg>
<status status="PASS" starttime="20230117 14:40:37.076" endtime="20230117 14:40:37.077"/>
</kw>
<kw name="Create Ipv4" library="packet_creator">
<var>${ip}</var>
<arg>${ip_porta_1}</arg>
<arg>${ip_porta_0}</arg>
<msg timestamp="20230117 14:40:37.079" level="INFO">${ip} = b'E\x00\x00\x14\x00\x01\x00\x00@\x00\x95\x93\xc0\xa82\x03\xc0\xa82\x02'</msg>
<status status="PASS" starttime="20230117 14:40:37.078" endtime="20230117 14:40:37.079"/>
</kw>
<kw name="Create Udp" library="packet_creator">
<var>${udp}</var>
<arg>${4321}</arg>
<arg>${1234}</arg>
<msg timestamp="20230117 14:40:37.083" level="INFO">${udp} = b'\x10\xe1\x04\xd2\x00\x08\x00\x00'</msg>
<status status="PASS" starttime="20230117 14:40:37.079" endtime="20230117 14:40:37.083"/>
</kw>
<kw name="Create List" library="BuiltIn">
<var>${protocols}</var>
<arg>${ether}</arg>
<arg>${ip}</arg>
<arg>${udp}</arg>
<doc>Returns a list containing given items.</doc>
<msg timestamp="20230117 14:40:37.084" level="INFO">${protocols} = [&lt;Ether  dst=d0:00:6a:10:3b:cc src=d0:00:6a:10:36:3b |&gt;, &lt;IP  src=192.168.50.3 dst=192.168.50.2 |&gt;, &lt;UDP  sport=4321 dport=1234 |&gt;]</msg>
<status status="PASS" starttime="20230117 14:40:37.084" endtime="20230117 14:40:37.084"/>
</kw>
<kw name="Assemble Protocols" library="packet_creator">
<var>${packet_1}</var>
<arg>${protocols}</arg>
<msg timestamp="20230117 14:40:37.087" level="INFO">${packet_1} = b'\xd0\x00j\x10;\xcc\xd0\x00j\x106;\x08\x00E\x00\x00\x1c\x00\x01\x00\x00@\x11\x95z\xc0\xa82\x03\xc0\xa82\x02\x10\xe1\x04\xd2\x00\x08\x04\xd5'</msg>
<status status="PASS" starttime="20230117 14:40:37.085" endtime="20230117 14:40:37.087"/>
</kw>
<kw name="Set Global Variable" library="BuiltIn">
<arg>${packet_1}</arg>
<doc>Makes a variable available globally in all tests and suites.</doc>
<msg timestamp="20230117 14:40:37.091" level="INFO">${packet_1} = b'\xd0\x00j\x10;\xcc\xd0\x00j\x106;\x08\x00E\x00\x00\x1c\x00\x01\x00\x00@\x11\x95z\xc0\xa82\x03\xc0\xa82\x02\x10\xe1\x04\xd2\x00\x08\x04\xd5'</msg>
<status status="PASS" starttime="20230117 14:40:37.087" endtime="20230117 14:40:37.091"/>
</kw>
<kw name="Set Variable" library="BuiltIn">
<var>${nome_do_protocolo}</var>
<arg>UDP</arg>
<doc>Returns the given values which can then be assigned to a variables.</doc>
<msg timestamp="20230117 14:40:37.092" level="INFO">${nome_do_protocolo} = UDP</msg>
<status status="PASS" starttime="20230117 14:40:37.091" endtime="20230117 14:40:37.092"/>
</kw>
<kw name="Set Global Variable" library="BuiltIn">
<arg>${nome_do_protocolo}</arg>
<doc>Makes a variable available globally in all tests and suites.</doc>
<msg timestamp="20230117 14:40:37.093" level="INFO">${nome_do_protocolo} = UDP</msg>
<status status="PASS" starttime="20230117 14:40:37.092" endtime="20230117 14:40:37.093"/>
</kw>
<status status="PASS" starttime="20230117 14:40:37.061" endtime="20230117 14:40:37.093"/>
</kw>
<kw name="And the t-rex basic configuration is done">
<kw name="Init" library="T-Rex_test">
<arg>${packet_0}</arg>
<arg>${packet_1}</arg>
<arg>${velocidade}</arg>
<status status="FAIL" starttime="20230117 14:40:37.095" endtime="20230117 14:40:38.666"/>
</kw>
<status status="FAIL" starttime="20230117 14:40:37.094" endtime="20230117 14:40:38.667"/>
</kw>
<kw name="When traffic is started through t-rex api">
<status status="NOT RUN" starttime="20230117 14:40:38.667" endtime="20230117 14:40:38.668"/>
</kw>
<kw name="Then all traffic sent is received without dropped packets">
<status status="NOT RUN" starttime="20230117 14:40:38.668" endtime="20230117 14:40:38.668"/>
</kw>
<kw name="And we then disconnect">
<status status="NOT RUN" starttime="20230117 14:40:38.669" endtime="20230117 14:40:38.669"/>
</kw>
<status status="FAIL" starttime="20230117 14:40:37.060" endtime="20230117 14:40:38.669">Execution terminated by signal</status>
</test>
<test id="s1-t3" name="T-Rex IPv6 Test" line="54">
<tag>robot:exit</tag>
<status status="FAIL" starttime="20230117 14:40:38.670" endtime="20230117 14:40:38.671">Test execution stopped due to a fatal error.</status>
</test>
<test id="s1-t4" name="T-Rex IGMP Test" line="62">
<tag>robot:exit</tag>
<status status="FAIL" starttime="20230117 14:40:38.671" endtime="20230117 14:40:38.672">Test execution stopped due to a fatal error.</status>
</test>
<test id="s1-t5" name="T-Rex ARP Test" line="70">
<tag>robot:exit</tag>
<status status="FAIL" starttime="20230117 14:40:38.673" endtime="20230117 14:40:38.674">Test execution stopped due to a fatal error.</status>
</test>
<test id="s1-t6" name="T-Rex ICMP Test" line="78">
<tag>robot:exit</tag>
<status status="FAIL" starttime="20230117 14:40:38.674" endtime="20230117 14:40:38.675">Test execution stopped due to a fatal error.</status>
</test>
<test id="s1-t7" name="T-Rex DNS Test" line="86">
<tag>robot:exit</tag>
<status status="FAIL" starttime="20230117 14:40:38.676" endtime="20230117 14:40:38.677">Test execution stopped due to a fatal error.</status>
</test>
<doc>Arquivo para testar o T-Rex</doc>
<status status="FAIL" starttime="20230117 14:40:32.594" endtime="20230117 14:40:38.678"/>
</suite>
<statistics>
<total>
<stat pass="0" fail="7" skip="0">All Tests</stat>
</total>
<tag>
<stat pass="0" fail="2" skip="0" info="combined" combined="NOT robot:exit">NOT robot:exit</stat>
</tag>
<suite>
<stat pass="0" fail="7" skip="0" id="s1" name="Test">Test</stat>
</suite>
</statistics>
<errors>
<msg timestamp="20230117 14:40:33.604" level="ERROR">Error in library 'T-Rex_test': Adding keyword 'Dns Get Str' failed: Keyword with same name defined multiple times.</msg>
<msg timestamp="20230117 14:40:33.733" level="ERROR">Error in library 'packet_creator': Adding keyword 'Dns Get Str' failed: Keyword with same name defined multiple times.</msg>
<msg timestamp="20230117 14:40:33.792" level="ERROR">Error in file '/home/datacom28/Downloads/robot_framework_test-main/STL/Test.robot' on line 12: Resource file 'Test_DHCPv6.robot' does not exist.</msg>
<msg timestamp="20230117 14:40:33.846" level="WARN">Calling str(pkt) on Python 3 makes no sense!</msg>
<msg timestamp="20230117 14:40:33.851" level="WARN">Calling str(pkt) on Python 3 makes no sense!</msg>
<msg timestamp="20230117 14:40:33.857" level="WARN">more Calling str(pkt) on Python 3 makes no sense!</msg>
<msg timestamp="20230117 14:40:33.859" level="WARN">No IP underlayer to compute checksum. Leaving null.</msg>
<msg timestamp="20230117 14:40:33.907" level="WARN">No IP underlayer to compute checksum. Leaving null.</msg>
<msg timestamp="20230117 14:40:37.065" level="WARN">more No IP underlayer to compute checksum. Leaving null.</msg>
</errors>
</robot>
