<?xml version="1.0" encoding="UTF-8"?>
<robot generator="Robot 6.0.2 (Python 3.8.10 on linux)" generated="20230302 12:14:59.995" rpa="false" schemaversion="3">
<suite id="s1" name="Test ASTF" source="/opt/TRex-DATACOM/TRex-RF/ASTF/Test_ASTF.robot">
<test id="s1-t1" name="T-Rex HTTP Test" line="21">
<kw name="Given the HTTP comunication is configured" library="Test_HTTP">
<kw name="Http Config File" library="profile_configurator">
<arg>${ip_porta_0}</arg>
<arg>${ip_porta_1}</arg>
<status status="PASS" starttime="20230302 12:15:01.005" endtime="20230302 12:15:01.022"/>
</kw>
<kw name="Set Variable" library="BuiltIn">
<var>${profile_name}</var>
<arg>http_simple.py</arg>
<doc>Returns the given values which can then be assigned to a variables.</doc>
<msg timestamp="20230302 12:15:01.023" level="INFO">${profile_name} = http_simple.py</msg>
<status status="PASS" starttime="20230302 12:15:01.022" endtime="20230302 12:15:01.023"/>
</kw>
<kw name="Set Global Variable" library="BuiltIn">
<arg>${profile_name}</arg>
<doc>Makes a variable available globally in all tests and suites.</doc>
<msg timestamp="20230302 12:15:01.024" level="INFO">${profile_name} = http_simple.py</msg>
<status status="PASS" starttime="20230302 12:15:01.023" endtime="20230302 12:15:01.024"/>
</kw>
<status status="PASS" starttime="20230302 12:15:01.004" endtime="20230302 12:15:01.024"/>
</kw>
<kw name="And the t-rex basic configuration is done">
<kw name="Init" library="T-Rex_ASTF_test">
<arg>${profile_name}</arg>
<status status="PASS" starttime="20230302 12:15:01.025" endtime="20230302 12:15:01.619"/>
</kw>
<status status="PASS" starttime="20230302 12:15:01.025" endtime="20230302 12:15:01.619"/>
</kw>
<kw name="When traffic is started through t-rex api">
<kw name="Start Traffic" library="T-Rex_ASTF_test">
<arg>${multiplicador}</arg>
<arg>${duracao}</arg>
<status status="PASS" starttime="20230302 12:15:01.620" endtime="20230302 12:15:16.108"/>
</kw>
<status status="PASS" starttime="20230302 12:15:01.620" endtime="20230302 12:15:16.108"/>
</kw>
<kw name="Then all traffic sent is received without dropped packets">
<kw name="Print Stats And Check Error" library="T-Rex_ASTF_test">
<var>${no_error}</var>
<msg timestamp="20230302 12:15:16.120" level="INFO">${no_error} = True</msg>
<status status="PASS" starttime="20230302 12:15:16.109" endtime="20230302 12:15:16.120"/>
</kw>
<kw name="Should Be True" library="BuiltIn">
<arg>${no_error}</arg>
<doc>Fails if the given condition is not true.</doc>
<status status="PASS" starttime="20230302 12:15:16.121" endtime="20230302 12:15:16.121"/>
</kw>
<status status="PASS" starttime="20230302 12:15:16.109" endtime="20230302 12:15:16.121"/>
</kw>
<kw name="And we then disconnect">
<kw name="Disconnect" library="T-Rex_ASTF_test">
<status status="PASS" starttime="20230302 12:15:16.122" endtime="20230302 12:15:16.125"/>
</kw>
<status status="PASS" starttime="20230302 12:15:16.122" endtime="20230302 12:15:16.125"/>
</kw>
<status status="PASS" starttime="20230302 12:15:01.002" endtime="20230302 12:15:16.125"/>
</test>
<doc>Arquivo para testar o modo Advanced Stateful T-Rex</doc>
<status status="PASS" starttime="20230302 12:14:59.999" endtime="20230302 12:15:16.126"/>
</suite>
<statistics>
<total>
<stat pass="1" fail="0" skip="0">All Tests</stat>
</total>
<tag>
</tag>
<suite>
<stat pass="1" fail="0" skip="0" id="s1" name="Test ASTF">Test ASTF</stat>
</suite>
</statistics>
<errors>
</errors>
</robot>
